#
# A fatal error has been detected by the Java Runtime Environment:
#
#  SIGSEGV (0xb) at pc=0x00007fb155af4238, pid=11940, tid=0x00007fb12affd700
#
# JRE version: Java(TM) SE Runtime Environment (8.0_201-b09) (build 1.8.0_201-b09)
# Java VM: Java HotSpot(TM) 64-Bit Server VM (25.201-b09 mixed mode linux-amd64 compressed oops)
# Problematic frame:
# C  0x00007fb155af4238
#
# Failed to write core dump. Core dumps have been disabled. To enable core dumping, try "ulimit -c unlimited" before starting Java again
#
# If you would like to submit a bug report, please visit:
#   http://bugreport.java.com/bugreport/crash.jsp
#

---------------  T H R E A D  ---------------

Current thread is native thread

siginfo: si_signo: 11 (SIGSEGV), si_code: 2 (SEGV_ACCERR), si_addr: 0x00007fb155af4238

Registers:
RAX=0x0000000000000000, RBX=0x0000000000908530, RCX=0x0000000020513140, RDX=0x00007fb1a4910350
RSP=0x00007fb12affce88, RBP=0x0000000000908e78, RSI=0x0000000000000010, RDI=0x0000000020513140
R8 =0x0000000000908e78, R9 =0x0000000000000081, R10=0x0000000000000000, R11=0x0000000000000000
R12=0x0000000020513140, R13=0x0000000000000000, R14=0x0000000000000000, R15=0x0000000000908f60
RIP=0x00007fb155af4238, EFLAGS=0x0000000000010206, CSGSFS=0x002b000000000033, ERR=0x0000000000000015
  TRAPNO=0x000000000000000e

Top of Stack: (sp=0x00007fb12affce88)
0x00007fb12affce88:   00007fb1a48ec320 00007fb17803e550
0x00007fb12affce98:   0000000020513140 00007fb17803e550
0x00007fb12affcea8:   0000000000908530 0000000000908e40
0x00007fb12affceb8:   00007fb1a48f47ba 00007fb168003900
0x00007fb12affcec8:   0000000100908530 0000000000908c40
0x00007fb12affced8:   0000000000909bf0 0000000000908c00
0x00007fb12affcee8:   0000000000908c40 00000000009087e0
0x00007fb12affcef8:   00007fb1a48c41a0 00007fb168003900
0x00007fb12affcf08:   00007fb1a48c8925 0000000000000000
0x00007fb12affcf18:   0000000000000000 0000000000000000
0x00007fb12affcf28:   0000000000000000 00007fb1557f0e3f
0x00007fb12affcf38:   00007fb12affd9c0 00000000009088b0
0x00007fb12affcf48:   00007fb1a48c8940 00007fb12affd700
0x00007fb12affcf58:   00007fb1c84886ba 0000000000000000
0x00007fb12affcf68:   00007fb12affd700 00007fb12affd700
0x00007fb12affcf78:   aec862dbaaab92e8 0000000000000000
0x00007fb12affcf88:   00007fb1557f0e3f 00007fb12affd9c0
0x00007fb12affcf98:   00000000009088b0 51aa3724346b92e8
0x00007fb12affcfa8:   51abf24aa65192e8 0000000000000000
0x00007fb12affcfb8:   0000000000000000 0000000000000000
0x00007fb12affcfc8:   0000000000000000 0000000000000000
0x00007fb12affcfd8:   0000000000000000 0000000000000000
0x00007fb12affcfe8:   0000000000000000 00007fb12affd700
0x00007fb12affcff8:   00007fb1c7da241d 0000000000000000
0x00007fb12affd008:   0000000000000000 0000000000000000
0x00007fb12affd018:   0000000000000000 0000000000000000
0x00007fb12affd028:   0000000000000000 0000000000000000
0x00007fb12affd038:   0000000000000000 0000000000000000
0x00007fb12affd048:   0000000000000000 0000000000000000
0x00007fb12affd058:   0000000000000000 0000000000000000
0x00007fb12affd068:   0000000000000000 0000000000000000
0x00007fb12affd078:   0000000000000000 0000000000000000 

Instructions: (pc=0x00007fb155af4238)
0x00007fb155af4218:   f0 4c 8c 54 00 00 00 00 58 88 d9 ac b1 7f 00 00
0x00007fb155af4228:   44 e9 fb 55 b1 7f 00 00 f0 49 8c 54 b1 7f 00 00
0x00007fb155af4238:   80 ea fb 55 b1 7f 00 00 f0 34 72 54 00 00 00 00
0x00007fb155af4248:   50 5c 3f 9c b1 7f 00 00 00 00 00 00 00 00 00 00 

Register to memory mapping:

RAX=0x0000000000000000 is an unknown value
RBX=0x0000000000908530 is an unknown value
RCX=0x0000000020513140 is an unknown value
RDX=0x00007fb1a4910350: <offset 0x130350> in /usr/lib/libBS_SDK_V2.so at 0x00007fb1a47e0000
RSP=0x00007fb12affce88 is an unknown value
RBP=0x0000000000908e78 is an unknown value
RSI=0x0000000000000010 is an unknown value
RDI=0x0000000020513140 is an unknown value
R8 =0x0000000000908e78 is an unknown value
R9 =0x0000000000000081 is an unknown value
R10=0x0000000000000000 is an unknown value
R11=0x0000000000000000 is an unknown value
R12=0x0000000020513140 is an unknown value
R13=0x0000000000000000 is an unknown value
R14=0x0000000000000000 is an unknown value
R15=0x0000000000908f60 is an unknown value


Stack: [0x00007fb12a7fd000,0x00007fb12affe000],  sp=0x00007fb12affce88,  free space=8191k
Native frames: (J=compiled Java code, j=interpreted, Vv=VM code, C=native code)
C  0x00007fb155af4238


---------------  P R O C E S S  ---------------

VM state:not at safepoint (normal execution)

VM Mutex/Monitor currently owned by a thread: None

heap address: 0x0000000083400000, size: 1996 MB, Compressed Oops mode: 32-bit
Narrow klass base: 0x0000000000000000, Narrow klass shift: 3
Compressed class space size: 1073741824 Address: 0x0000000100000000

Heap:
 PSYoungGen      total 353280K, used 100121K [0x00000000d6700000, 0x00000000f3980000, 0x0000000100000000)
  eden space 329728K, 30% used [0x00000000d6700000,0x00000000dc8c6570,0x00000000ea900000)
  from space 23552K, 0% used [0x00000000ea900000,0x00000000ea900000,0x00000000ec000000)
  to   space 23552K, 0% used [0x00000000f2280000,0x00000000f2280000,0x00000000f3980000)
 ParOldGen       total 122368K, used 31761K [0x0000000083400000, 0x000000008ab80000, 0x00000000d6700000)
  object space 122368K, 25% used [0x0000000083400000,0x0000000085304618,0x000000008ab80000)
 Metaspace       used 61904K, capacity 64659K, committed 64768K, reserved 1105920K
  class space    used 8405K, capacity 8904K, committed 8960K, reserved 1048576K

Card table byte_map: [0x00007fb1c4f55000,0x00007fb1c533c000] byte_map_base: 0x00007fb1c4b3b000

Marking Bits: (ParMarkBitMap*) 0x00007fb1c7c7dd80
 Begin Bits: [0x00007fb1ad1a0000, 0x00007fb1af0d0000)
 End Bits:   [0x00007fb1af0d0000, 0x00007fb1b1000000)

Polling page: 0x00007fb1c88c2000

CodeCache: size=245760Kb used=10059Kb max_used=10078Kb free=235700Kb
 bounds [0x00007fb1b1000000, 0x00007fb1b19f0000, 0x00007fb1c0000000]
 total_blobs=5970 nmethods=5221 adapters=661
 compilation: enabled

Compilation events (10 events):
Event: 82,235 Thread 0x00007fb1c052e000 5342       1       javax.servlet.ServletRequestWrapper::setAttribute (12 bytes)
Event: 82,238 Thread 0x00007fb1c052e000 nmethod 5342 0x00007fb1b15a0d10 code [0x00007fb1b15a0e80, 0x00007fb1b15a0fc8]
Event: 82,255 Thread 0x00007fb1c052e000 5344       1       java.text.SimpleDateFormat::subFormat (1260 bytes)
Event: 82,269 Thread 0x00007fb1c052e000 nmethod 5344 0x00007fb1b19d9690 code [0x00007fb1b19d9ca0, 0x00007fb1b19dd498]
Event: 82,269 Thread 0x00007fb1c052e000 5345       1       java.nio.CharBuffer::<init> (22 bytes)
Event: 82,269 Thread 0x00007fb1c052e000 nmethod 5345 0x00007fb1b18d3a90 code [0x00007fb1b18d3c00, 0x00007fb1b18d3d68]
Event: 82,269 Thread 0x00007fb1c052e000 5346       1       org.apache.tomcat.util.buf.AbstractChunk::isNull (22 bytes)
Event: 82,269 Thread 0x00007fb1c052e000 nmethod 5346 0x00007fb1b18d36d0 code [0x00007fb1b18d3820, 0x00007fb1b18d3970]
Event: 82,269 Thread 0x00007fb1c052e000 5343       1       org.apache.coyote.Response::isCommitted (5 bytes)
Event: 82,270 Thread 0x00007fb1c052e000 nmethod 5343 0x00007fb1b17f0d90 code [0x00007fb1b17f0ee0, 0x00007fb1b17f0ff0]

GC Heap History (10 events):
Event: 4,623 GC heap before
{Heap before GC invocations=8 (full 1):
 PSYoungGen      total 217088K, used 35694K [0x00000000d6700000, 0x00000000e4f00000, 0x0000000100000000)
  eden space 205824K, 11% used [0x00000000d6700000,0x00000000d7edfa68,0x00000000e3000000)
  from space 11264K, 99% used [0x00000000e3f80000,0x00000000e4a7c0e0,0x00000000e4a80000)
  to   space 15872K, 0% used [0x00000000e3000000,0x00000000e3000000,0x00000000e3f80000)
 ParOldGen       total 54272K, used 14508K [0x0000000083400000, 0x0000000086900000, 0x00000000d6700000)
  object space 54272K, 26% used [0x0000000083400000,0x000000008422b2c8,0x0000000086900000)
 Metaspace       used 33915K, capacity 35458K, committed 35496K, reserved 1079296K
  class space    used 4518K, capacity 4844K, committed 4864K, reserved 1048576K
Event: 4,645 GC heap after
Heap after GC invocations=8 (full 1):
 PSYoungGen      total 221696K, used 14543K [0x00000000d6700000, 0x00000000ed700000, 0x0000000100000000)
  eden space 205824K, 0% used [0x00000000d6700000,0x00000000d6700000,0x00000000e3000000)
  from space 15872K, 91% used [0x00000000e3000000,0x00000000e3e33c18,0x00000000e3f80000)
  to   space 17920K, 0% used [0x00000000ec580000,0x00000000ec580000,0x00000000ed700000)
 ParOldGen       total 54272K, used 14516K [0x0000000083400000, 0x0000000086900000, 0x00000000d6700000)
  object space 54272K, 26% used [0x0000000083400000,0x000000008422d2c8,0x0000000086900000)
 Metaspace       used 33915K, capacity 35458K, committed 35496K, reserved 1079296K
  class space    used 4518K, capacity 4844K, committed 4864K, reserved 1048576K
}
Event: 4,645 GC heap before
{Heap before GC invocations=9 (full 2):
 PSYoungGen      total 221696K, used 14543K [0x00000000d6700000, 0x00000000ed700000, 0x0000000100000000)
  eden space 205824K, 0% used [0x00000000d6700000,0x00000000d6700000,0x00000000e3000000)
  from space 15872K, 91% used [0x00000000e3000000,0x00000000e3e33c18,0x00000000e3f80000)
  to   space 17920K, 0% used [0x00000000ec580000,0x00000000ec580000,0x00000000ed700000)
 ParOldGen       total 54272K, used 14516K [0x0000000083400000, 0x0000000086900000, 0x00000000d6700000)
  object space 54272K, 26% used [0x0000000083400000,0x000000008422d2c8,0x0000000086900000)
 Metaspace       used 33915K, capacity 35458K, committed 35496K, reserved 1079296K
  class space    used 4518K, capacity 4844K, committed 4864K, reserved 1048576K
Event: 4,730 GC heap after
Heap after GC invocations=9 (full 2):
 PSYoungGen      total 221696K, used 0K [0x00000000d6700000, 0x00000000ed700000, 0x0000000100000000)
  eden space 205824K, 0% used [0x00000000d6700000,0x00000000d6700000,0x00000000e3000000)
  from space 15872K, 0% used [0x00000000e3000000,0x00000000e3000000,0x00000000e3f80000)
  to   space 17920K, 0% used [0x00000000ec580000,0x00000000ec580000,0x00000000ed700000)
 ParOldGen       total 88576K, used 20150K [0x0000000083400000, 0x0000000088a80000, 0x00000000d6700000)
  object space 88576K, 22% used [0x0000000083400000,0x00000000847adb88,0x0000000088a80000)
 Metaspace       used 33915K, capacity 35458K, committed 35496K, reserved 1079296K
  class space    used 4518K, capacity 4844K, committed 4864K, reserved 1048576K
}
Event: 6,876 GC heap before
{Heap before GC invocations=10 (full 2):
 PSYoungGen      total 221696K, used 205824K [0x00000000d6700000, 0x00000000ed700000, 0x0000000100000000)
  eden space 205824K, 100% used [0x00000000d6700000,0x00000000e3000000,0x00000000e3000000)
  from space 15872K, 0% used [0x00000000e3000000,0x00000000e3000000,0x00000000e3f80000)
  to   space 17920K, 0% used [0x00000000ec580000,0x00000000ec580000,0x00000000ed700000)
 ParOldGen       total 88576K, used 20150K [0x0000000083400000, 0x0000000088a80000, 0x00000000d6700000)
  object space 88576K, 22% used [0x0000000083400000,0x00000000847adb88,0x0000000088a80000)
 Metaspace       used 52810K, capacity 55190K, committed 55424K, reserved 1097728K
  class space    used 7274K, capacity 7757K, committed 7808K, reserved 1048576K
Event: 6,902 GC heap after
Heap after GC invocations=10 (full 2):
 PSYoungGen      total 341504K, used 17890K [0x00000000d6700000, 0x00000000ed700000, 0x0000000100000000)
  eden space 323584K, 0% used [0x00000000d6700000,0x00000000d6700000,0x00000000ea300000)
  from space 17920K, 99% used [0x00000000ec580000,0x00000000ed6f8a10,0x00000000ed700000)
  to   space 23552K, 0% used [0x00000000ea900000,0x00000000ea900000,0x00000000ec000000)
 ParOldGen       total 88576K, used 25769K [0x0000000083400000, 0x0000000088a80000, 0x00000000d6700000)
  object space 88576K, 29% used [0x0000000083400000,0x0000000084d2a590,0x0000000088a80000)
 Metaspace       used 52810K, capacity 55190K, committed 55424K, reserved 1097728K
  class space    used 7274K, capacity 7757K, committed 7808K, reserved 1048576K
}
Event: 7,614 GC heap before
{Heap before GC invocations=11 (full 2):
 PSYoungGen      total 341504K, used 105008K [0x00000000d6700000, 0x00000000ed700000, 0x0000000100000000)
  eden space 323584K, 26% used [0x00000000d6700000,0x00000000dbc13758,0x00000000ea300000)
  from space 17920K, 99% used [0x00000000ec580000,0x00000000ed6f8a10,0x00000000ed700000)
  to   space 23552K, 0% used [0x00000000ea900000,0x00000000ea900000,0x00000000ec000000)
 ParOldGen       total 88576K, used 25769K [0x0000000083400000, 0x0000000088a80000, 0x00000000d6700000)
  object space 88576K, 29% used [0x0000000083400000,0x0000000084d2a590,0x0000000088a80000)
 Metaspace       used 56380K, capacity 59062K, committed 59160K, reserved 1099776K
  class space    used 7808K, capacity 8364K, committed 8448K, reserved 1048576K
Event: 7,632 GC heap after
Heap after GC invocations=11 (full 2):
 PSYoungGen      total 353280K, used 14404K [0x00000000d6700000, 0x00000000f3980000, 0x0000000100000000)
  eden space 329728K, 0% used [0x00000000d6700000,0x00000000d6700000,0x00000000ea900000)
  from space 23552K, 61% used [0x00000000ea900000,0x00000000eb711180,0x00000000ec000000)
  to   space 23552K, 0% used [0x00000000f2280000,0x00000000f2280000,0x00000000f3980000)
 ParOldGen       total 88576K, used 25777K [0x0000000083400000, 0x0000000088a80000, 0x00000000d6700000)
  object space 88576K, 29% used [0x0000000083400000,0x0000000084d2c590,0x0000000088a80000)
 Metaspace       used 56380K, capacity 59062K, committed 59160K, reserved 1099776K
  class space    used 7808K, capacity 8364K, committed 8448K, reserved 1048576K
}
Event: 7,632 GC heap before
{Heap before GC invocations=12 (full 3):
 PSYoungGen      total 353280K, used 14404K [0x00000000d6700000, 0x00000000f3980000, 0x0000000100000000)
  eden space 329728K, 0% used [0x00000000d6700000,0x00000000d6700000,0x00000000ea900000)
  from space 23552K, 61% used [0x00000000ea900000,0x00000000eb711180,0x00000000ec000000)
  to   space 23552K, 0% used [0x00000000f2280000,0x00000000f2280000,0x00000000f3980000)
 ParOldGen       total 88576K, used 25777K [0x0000000083400000, 0x0000000088a80000, 0x00000000d6700000)
  object space 88576K, 29% used [0x0000000083400000,0x0000000084d2c590,0x0000000088a80000)
 Metaspace       used 56380K, capacity 59062K, committed 59160K, reserved 1099776K
  class space    used 7808K, capacity 8364K, committed 8448K, reserved 1048576K
Event: 7,860 GC heap after
Heap after GC invocations=12 (full 3):
 PSYoungGen      total 353280K, used 0K [0x00000000d6700000, 0x00000000f3980000, 0x0000000100000000)
  eden space 329728K, 0% used [0x00000000d6700000,0x00000000d6700000,0x00000000ea900000)
  from space 23552K, 0% used [0x00000000ea900000,0x00000000ea900000,0x00000000ec000000)
  to   space 23552K, 0% used [0x00000000f2280000,0x00000000f2280000,0x00000000f3980000)
 ParOldGen       total 122368K, used 31761K [0x0000000083400000, 0x000000008ab80000, 0x00000000d6700000)
  object space 122368K, 25% used [0x0000000083400000,0x0000000085304618,0x000000008ab80000)
 Metaspace       used 56325K, capacity 58850K, committed 59160K, reserved 1099776K
  class space    used 7800K, capacity 8296K, committed 8448K, reserved 1048576K
}

Deoptimization events (0 events):
No events

Classes redefined (0 events):
No events

Internal exceptions (10 events):
Event: 39,579 Thread 0x00007fb1c0f62800 Exception <a 'java/lang/ArrayIndexOutOfBoundsException'> (0x00000000dba51150) thrown at [/HUDSON/workspace/8-2-build-linux-amd64/jdk8u201/12317/hotspot/src/share/vm/runtime/sharedRuntime.cpp, line 605]
Event: 39,580 Thread 0x00007fb1c0f62800 Exception <a 'java/lang/ArrayIndexOutOfBoundsException'> (0x00000000dba54f88) thrown at [/HUDSON/workspace/8-2-build-linux-amd64/jdk8u201/12317/hotspot/src/share/vm/runtime/sharedRuntime.cpp, line 605]
Event: 39,580 Thread 0x00007fb1c0f62800 Exception <a 'java/lang/ArrayIndexOutOfBoundsException'> (0x00000000dba57d40) thrown at [/HUDSON/workspace/8-2-build-linux-amd64/jdk8u201/12317/hotspot/src/share/vm/runtime/sharedRuntime.cpp, line 605]
Event: 54,630 Thread 0x00007fb1c0f62800 Exception <a 'java/lang/ArrayIndexOutOfBoundsException'> (0x00000000dba93848) thrown at [/HUDSON/workspace/8-2-build-linux-amd64/jdk8u201/12317/hotspot/src/share/vm/runtime/sharedRuntime.cpp, line 605]
Event: 66,544 Thread 0x00007fb1c0f64000 Exception <a 'java/lang/ArrayIndexOutOfBoundsException'> (0x00000000dc596b08) thrown at [/HUDSON/workspace/8-2-build-linux-amd64/jdk8u201/12317/hotspot/src/share/vm/runtime/sharedRuntime.cpp, line 605]
Event: 66,544 Thread 0x00007fb1c0f64000 Exception <a 'java/lang/ArrayIndexOutOfBoundsException'> (0x00000000dc59a940) thrown at [/HUDSON/workspace/8-2-build-linux-amd64/jdk8u201/12317/hotspot/src/share/vm/runtime/sharedRuntime.cpp, line 605]
Event: 66,545 Thread 0x00007fb1c0f64000 Exception <a 'java/lang/ArrayIndexOutOfBoundsException'> (0x00000000dc59d6f8) thrown at [/HUDSON/workspace/8-2-build-linux-amd64/jdk8u201/12317/hotspot/src/share/vm/runtime/sharedRuntime.cpp, line 605]
Event: 82,229 Thread 0x00007fb1c0479000 Exception <a 'java/lang/ArrayIndexOutOfBoundsException'> (0x00000000dc732dd8) thrown at [/HUDSON/workspace/8-2-build-linux-amd64/jdk8u201/12317/hotspot/src/share/vm/runtime/sharedRuntime.cpp, line 605]
Event: 82,230 Thread 0x00007fb1c0479000 Exception <a 'java/lang/ArrayIndexOutOfBoundsException'> (0x00000000dc736c10) thrown at [/HUDSON/workspace/8-2-build-linux-amd64/jdk8u201/12317/hotspot/src/share/vm/runtime/sharedRuntime.cpp, line 605]
Event: 82,231 Thread 0x00007fb1c0479000 Exception <a 'java/lang/ArrayIndexOutOfBoundsException'> (0x00000000dc7399c8) thrown at [/HUDSON/workspace/8-2-build-linux-amd64/jdk8u201/12317/hotspot/src/share/vm/runtime/sharedRuntime.cpp, line 605]

Events (10 events):
Event: 74,348 Thread 0x00007fb1c052e000 flushing nmethod 0x00007fb1b15a0d10
Event: 77,048 Thread 0x00007fb1c052e000 flushing nmethod 0x00007fb1b1654290
Event: 82,234 Thread 0x00007fb1c052e000 flushing nmethod 0x00007fb1b17f0810
Event: 82,234 Thread 0x00007fb1c052e000 flushing nmethod 0x00007fb1b17f3110
Event: 82,234 Thread 0x00007fb1c052e000 flushing nmethod 0x00007fb1b17f43d0
Event: 82,234 Thread 0x00007fb1c052e000 flushing nmethod 0x00007fb1b17f9010
Event: 82,234 Thread 0x00007fb1c052e000 flushing nmethod 0x00007fb1b17fb850
Event: 82,234 Thread 0x00007fb1c052e000 flushing nmethod 0x00007fb1b17ff390
Event: 82,269 Thread 0x00007fb1c052e000 flushing nmethod 0x00007fb1b18d36d0
Event: 82,269 Thread 0x00007fb1c052e000 flushing nmethod 0x00007fb1b18dd6d0


Dynamic libraries:
00400000-00401000 r-xp 00000000 08:01 4327409                            /usr/lib/jvm/java-8-oracle/bin/java
00600000-00601000 r--p 00000000 08:01 4327409                            /usr/lib/jvm/java-8-oracle/bin/java
00601000-00602000 rw-p 00001000 08:01 4327409                            /usr/lib/jvm/java-8-oracle/bin/java
008b3000-009ed000 rw-p 00000000 00:00 0                                  [heap]
83400000-8ab80000 rw-p 00000000 00:00 0 
8ab80000-d6700000 ---p 00000000 00:00 0 
d6700000-f3980000 rw-p 00000000 00:00 0 
f3980000-100000000 ---p 00000000 00:00 0 
100000000-1008c0000 rw-p 00000000 00:00 0 
1008c0000-140000000 ---p 00000000 00:00 0 
7fb1197eb000-7fb1197ec000 ---p 00000000 00:00 0 
7fb1197ec000-7fb119fec000 rw-p 00000000 00:00 0 
7fb119fec000-7fb119fed000 ---p 00000000 00:00 0 
7fb119fed000-7fb11a7ed000 rw-p 00000000 00:00 0 
7fb11a7ed000-7fb11a7ee000 ---p 00000000 00:00 0 
7fb11a7ee000-7fb11afee000 rw-p 00000000 00:00 0 
7fb11afee000-7fb11afef000 ---p 00000000 00:00 0 
7fb11afef000-7fb11b7ef000 rw-p 00000000 00:00 0 
7fb11b7ef000-7fb11b7f2000 ---p 00000000 00:00 0 
7fb11b7f2000-7fb11bff0000 rw-p 00000000 00:00 0 
7fb11bff0000-7fb11bff1000 ---p 00000000 00:00 0 
7fb11bff1000-7fb11c7f1000 rw-p 00000000 00:00 0 
7fb11c7f1000-7fb11c7f2000 ---p 00000000 00:00 0 
7fb11c7f2000-7fb11cff2000 rw-p 00000000 00:00 0 
7fb11cff2000-7fb11cff3000 ---p 00000000 00:00 0 
7fb11cff3000-7fb11d7f3000 rw-p 00000000 00:00 0 
7fb11d7f3000-7fb11d7f4000 ---p 00000000 00:00 0 
7fb11d7f4000-7fb11dff4000 rw-p 00000000 00:00 0 
7fb11dff4000-7fb11dff7000 ---p 00000000 00:00 0 
7fb11dff7000-7fb11e7f5000 rw-p 00000000 00:00 0 
7fb11e7f5000-7fb11e7f6000 ---p 00000000 00:00 0 
7fb11e7f6000-7fb11eff6000 rw-p 00000000 00:00 0 
7fb11eff6000-7fb11eff7000 ---p 00000000 00:00 0 
7fb11eff7000-7fb11f7f7000 rw-p 00000000 00:00 0 
7fb11f7f7000-7fb11f7f8000 ---p 00000000 00:00 0 
7fb11f7f8000-7fb11fff8000 rw-p 00000000 00:00 0 
7fb11fff8000-7fb11fff9000 ---p 00000000 00:00 0 
7fb11fff9000-7fb1207f9000 rw-p 00000000 00:00 0 
7fb1207f9000-7fb1207fa000 ---p 00000000 00:00 0 
7fb1207fa000-7fb120ffa000 rw-p 00000000 00:00 0 
7fb120ffa000-7fb120ffb000 ---p 00000000 00:00 0 
7fb120ffb000-7fb1217fb000 rw-p 00000000 00:00 0 
7fb1217fb000-7fb1217fc000 ---p 00000000 00:00 0 
7fb1217fc000-7fb121ffc000 rw-p 00000000 00:00 0 
7fb121ffc000-7fb121ffd000 ---p 00000000 00:00 0 
7fb121ffd000-7fb1227fd000 rw-p 00000000 00:00 0 
7fb1227fd000-7fb1227fe000 ---p 00000000 00:00 0 
7fb1227fe000-7fb122ffe000 rw-p 00000000 00:00 0 
7fb122ffe000-7fb122fff000 ---p 00000000 00:00 0 
7fb122fff000-7fb1237ff000 rw-p 00000000 00:00 0 
7fb1237ff000-7fb123800000 ---p 00000000 00:00 0 
7fb123800000-7fb124000000 rw-p 00000000 00:00 0 
7fb124000000-7fb124024000 rw-p 00000000 00:00 0 
7fb124024000-7fb128000000 ---p 00000000 00:00 0 
7fb1287f9000-7fb1287fa000 ---p 00000000 00:00 0 
7fb1287fa000-7fb128ffa000 rw-p 00000000 00:00 0 
7fb128ffa000-7fb128ffb000 ---p 00000000 00:00 0 
7fb128ffb000-7fb1297fb000 rw-p 00000000 00:00 0 
7fb1297fb000-7fb1297fc000 ---p 00000000 00:00 0 
7fb1297fc000-7fb129ffc000 rw-p 00000000 00:00 0 
7fb129ffc000-7fb129ffd000 ---p 00000000 00:00 0 
7fb129ffd000-7fb12a7fd000 rw-p 00000000 00:00 0 
7fb12a7fd000-7fb12a7fe000 ---p 00000000 00:00 0 
7fb12a7fe000-7fb12affe000 rw-p 00000000 00:00 0 
7fb12affe000-7fb12afff000 ---p 00000000 00:00 0 
7fb12afff000-7fb12b7ff000 rw-p 00000000 00:00 0 
7fb12b7ff000-7fb12b800000 ---p 00000000 00:00 0 
7fb12b800000-7fb12c000000 rw-p 00000000 00:00 0 
7fb12c000000-7fb12c037000 rw-p 00000000 00:00 0 
7fb12c037000-7fb130000000 ---p 00000000 00:00 0 
7fb130000000-7fb130144000 rw-p 00000000 00:00 0 
7fb130144000-7fb134000000 ---p 00000000 00:00 0 
7fb134000000-7fb134021000 rw-p 00000000 00:00 0 
7fb134021000-7fb138000000 ---p 00000000 00:00 0 
7fb138000000-7fb138021000 rw-p 00000000 00:00 0 
7fb138021000-7fb13c000000 ---p 00000000 00:00 0 
7fb13c000000-7fb13c021000 rw-p 00000000 00:00 0 
7fb13c021000-7fb140000000 ---p 00000000 00:00 0 
7fb140000000-7fb140021000 rw-p 00000000 00:00 0 
7fb140021000-7fb144000000 ---p 00000000 00:00 0 
7fb144000000-7fb144021000 rw-p 00000000 00:00 0 
7fb144021000-7fb148000000 ---p 00000000 00:00 0 
7fb148000000-7fb1480b8000 rw-p 00000000 00:00 0 
7fb1480b8000-7fb14c000000 ---p 00000000 00:00 0 
7fb14c000000-7fb14c021000 rw-p 00000000 00:00 0 
7fb14c021000-7fb150000000 ---p 00000000 00:00 0 
7fb150000000-7fb15006a000 rw-p 00000000 00:00 0 
7fb15006a000-7fb154000000 ---p 00000000 00:00 0 
7fb1542ab000-7fb15432b000 rw-p 00000000 00:00 0 
7fb15432b000-7fb1544ab000 ---p 00000000 00:00 0 
7fb1544ab000-7fb1544e3000 r-xp 00000000 08:01 4463063                    /usr/lib/jvm/java-8-oracle/jre/lib/amd64/libsunec.so
7fb1544e3000-7fb1546e2000 ---p 00038000 08:01 4463063                    /usr/lib/jvm/java-8-oracle/jre/lib/amd64/libsunec.so
7fb1546e2000-7fb1546e7000 r--p 00037000 08:01 4463063                    /usr/lib/jvm/java-8-oracle/jre/lib/amd64/libsunec.so
7fb1546e7000-7fb1546e9000 rw-p 0003c000 08:01 4463063                    /usr/lib/jvm/java-8-oracle/jre/lib/amd64/libsunec.so
7fb1546e9000-7fb1548e9000 rw-p 00000000 00:00 0 
7fb1548e9000-7fb1548ec000 ---p 00000000 00:00 0 
7fb1548ec000-7fb1549ea000 rw-p 00000000 00:00 0 
7fb1549ea000-7fb1549ed000 ---p 00000000 00:00 0 
7fb1549ed000-7fb154aeb000 rw-p 00000000 00:00 0 
7fb154aeb000-7fb154aee000 ---p 00000000 00:00 0 
7fb154aee000-7fb154dec000 rw-p 00000000 00:00 0 
7fb154dec000-7fb154def000 ---p 00000000 00:00 0 
7fb154def000-7fb154eed000 rw-p 00000000 00:00 0 
7fb154eed000-7fb154ef0000 ---p 00000000 00:00 0 
7fb154ef0000-7fb154fee000 rw-p 00000000 00:00 0 
7fb154fee000-7fb154ff1000 ---p 00000000 00:00 0 
7fb154ff1000-7fb1550ef000 rw-p 00000000 00:00 0 
7fb1550ef000-7fb1550f2000 ---p 00000000 00:00 0 
7fb1550f2000-7fb1551f0000 rw-p 00000000 00:00 0 
7fb1551f0000-7fb1551f3000 ---p 00000000 00:00 0 
7fb1551f3000-7fb1552f1000 rw-p 00000000 00:00 0 
7fb1552f1000-7fb1552f4000 ---p 00000000 00:00 0 
7fb1552f4000-7fb1553f2000 rw-p 00000000 00:00 0 
7fb1553f2000-7fb1553f5000 ---p 00000000 00:00 0 
7fb1553f5000-7fb1554f3000 rw-p 00000000 00:00 0 
7fb1554f3000-7fb1554f6000 ---p 00000000 00:00 0 
7fb1554f6000-7fb1555f4000 rw-p 00000000 00:00 0 
7fb1555f4000-7fb1555f7000 ---p 00000000 00:00 0 
7fb1555f7000-7fb1556f5000 rw-p 00000000 00:00 0 
7fb1556f5000-7fb1556f8000 ---p 00000000 00:00 0 
7fb1556f8000-7fb1557f6000 rw-p 00000000 00:00 0 
7fb1557f6000-7fb1557f9000 ---p 00000000 00:00 0 
7fb1557f9000-7fb1558f7000 rw-p 00000000 00:00 0 
7fb1558f7000-7fb1558fa000 ---p 00000000 00:00 0 
7fb1558fa000-7fb1559f8000 rw-p 00000000 00:00 0 
7fb1559f8000-7fb1559fb000 ---p 00000000 00:00 0 
7fb1559fb000-7fb155cf9000 rw-p 00000000 00:00 0 
7fb155cf9000-7fb155ef9000 rw-p 00000000 00:00 0 
7fb155ef9000-7fb1560f9000 rw-p 00000000 00:00 0 
7fb1560f9000-7fb1562f9000 rw-p 00000000 00:00 0 
7fb1562f9000-7fb1564f9000 rw-p 00000000 00:00 0 
7fb1564f9000-7fb1566f9000 rw-p 00000000 00:00 0 
7fb1566f9000-7fb1568f9000 rw-p 00000000 00:00 0 
7fb1568f9000-7fb156af9000 rw-p 00000000 00:00 0 
7fb156af9000-7fb156afc000 ---p 00000000 00:00 0 
7fb156afc000-7fb156bfa000 rw-p 00000000 00:00 0 
7fb156bfa000-7fb156bfd000 ---p 00000000 00:00 0 
7fb156bfd000-7fb156efb000 rw-p 00000000 00:00 0 
7fb156efb000-7fb156efe000 ---p 00000000 00:00 0 
7fb156efe000-7fb1571fc000 rw-p 00000000 00:00 0 
7fb1571fc000-7fb1571ff000 ---p 00000000 00:00 0 
7fb1571ff000-7fb1572fd000 rw-p 00000000 00:00 0 
7fb1572fd000-7fb157300000 ---p 00000000 00:00 0 
7fb157300000-7fb1573fe000 rw-p 00000000 00:00 0 
7fb1573fe000-7fb157401000 ---p 00000000 00:00 0 
7fb157401000-7fb1576ff000 rw-p 00000000 00:00 0 
7fb1576ff000-7fb157702000 ---p 00000000 00:00 0 
7fb157702000-7fb157a00000 rw-p 00000000 00:00 0 
7fb157a00000-7fb157c00000 rw-p 00000000 00:00 0 
7fb157c00000-7fb157e00000 rw-p 00000000 00:00 0 
7fb157e00000-7fb158000000 rw-p 00000000 00:00 0 
7fb158000000-7fb158034000 rw-p 00000000 00:00 0 
7fb158034000-7fb15c000000 ---p 00000000 00:00 0 
7fb15c000000-7fb15c021000 rw-p 00000000 00:00 0 
7fb15c021000-7fb160000000 ---p 00000000 00:00 0 
7fb160000000-7fb160359000 rw-p 00000000 00:00 0 
7fb160359000-7fb164000000 ---p 00000000 00:00 0 
7fb164000000-7fb164021000 rw-p 00000000 00:00 0 
7fb164021000-7fb168000000 ---p 00000000 00:00 0 
7fb168000000-7fb168027000 rw-p 00000000 00:00 0 
7fb168027000-7fb16c000000 ---p 00000000 00:00 0 
7fb16c000000-7fb16c021000 rw-p 00000000 00:00 0 
7fb16c021000-7fb170000000 ---p 00000000 00:00 0 
7fb170000000-7fb1707b0000 rw-p 00000000 00:00 0 
7fb1707b0000-7fb174000000 ---p 00000000 00:00 0 
7fb174000000-7fb174021000 rw-p 00000000 00:00 0 
7fb174021000-7fb178000000 ---p 00000000 00:00 0 
7fb178000000-7fb17804e000 rw-p 00000000 00:00 0 
7fb17804e000-7fb17c000000 ---p 00000000 00:00 0 
7fb17c000000-7fb17c021000 rw-p 00000000 00:00 0 
7fb17c021000-7fb180000000 ---p 00000000 00:00 0 
7fb180000000-7fb180021000 rw-p 00000000 00:00 0 
7fb180021000-7fb184000000 ---p 00000000 00:00 0 
7fb184000000-7fb184021000 rw-p 00000000 00:00 0 
7fb184021000-7fb188000000 ---p 00000000 00:00 0 
7fb188000000-7fb188021000 rw-p 00000000 00:00 0 
7fb188021000-7fb18c000000 ---p 00000000 00:00 0 
7fb18c000000-7fb18c021000 rw-p 00000000 00:00 0 
7fb18c021000-7fb190000000 ---p 00000000 00:00 0 
7fb190000000-7fb190021000 rw-p 00000000 00:00 0 
7fb190021000-7fb194000000 ---p 00000000 00:00 0 
7fb194000000-7fb19404a000 rw-p 00000000 00:00 0 
7fb19404a000-7fb198000000 ---p 00000000 00:00 0 
7fb198000000-7fb198021000 rw-p 00000000 00:00 0 
7fb198021000-7fb19c000000 ---p 00000000 00:00 0 
7fb19c064000-7fb19c264000 rw-p 00000000 00:00 0 
7fb19c264000-7fb19c464000 rw-p 00000000 00:00 0 
7fb19c464000-7fb19c664000 rw-p 00000000 00:00 0 
7fb19c664000-7fb19c864000 rw-p 00000000 00:00 0 
7fb19c864000-7fb19c867000 ---p 00000000 00:00 0 
7fb19c867000-7fb19c965000 rw-p 00000000 00:00 0 
7fb19c965000-7fb19c9fb000 r--s 0110e000 08:01 4459426                    /usr/lib/jvm/java-8-oracle/jre/lib/ext/jfxrt.jar
7fb19c9fb000-7fb19c9fe000 ---p 00000000 00:00 0 
7fb19c9fe000-7fb19cafc000 rw-p 00000000 00:00 0 
7fb19cafc000-7fb19caff000 ---p 00000000 00:00 0 
7fb19caff000-7fb19cdfd000 rw-p 00000000 00:00 0 
7fb19cdfd000-7fb19ce00000 ---p 00000000 00:00 0 
7fb19ce00000-7fb19cefe000 rw-p 00000000 00:00 0 
7fb19cefe000-7fb19cf01000 ---p 00000000 00:00 0 
7fb19cf01000-7fb1a0000000 rw-p 00000000 00:00 0 
7fb1a0000000-7fb1a0021000 rw-p 00000000 00:00 0 
7fb1a0021000-7fb1a4000000 ---p 00000000 00:00 0 
7fb1a4024000-7fb1a402a000 r--s 0003f000 08:01 4459927                    /usr/lib/jvm/java-8-oracle/jre/lib/ext/sunjce_provider.jar
7fb1a402a000-7fb1a402c000 r--s 00009000 08:01 4459231                    /usr/lib/jvm/java-8-oracle/jre/lib/ext/sunec.jar
7fb1a402c000-7fb1a4048000 r--s 00393000 08:01 4459398                    /usr/lib/jvm/java-8-oracle/jre/lib/ext/cldrdata.jar
7fb1a4048000-7fb1a4248000 rw-p 00000000 00:00 0 
7fb1a4248000-7fb1a425e000 r-xp 00000000 08:01 267310                     /lib/x86_64-linux-gnu/libgcc_s.so.1
7fb1a425e000-7fb1a445d000 ---p 00016000 08:01 267310                     /lib/x86_64-linux-gnu/libgcc_s.so.1
7fb1a445d000-7fb1a445e000 rw-p 00015000 08:01 267310                     /lib/x86_64-linux-gnu/libgcc_s.so.1
7fb1a445e000-7fb1a45d0000 r-xp 00000000 08:01 4204243                    /usr/lib/x86_64-linux-gnu/libstdc++.so.6.0.21
7fb1a45d0000-7fb1a47d0000 ---p 00172000 08:01 4204243                    /usr/lib/x86_64-linux-gnu/libstdc++.so.6.0.21
7fb1a47d0000-7fb1a47da000 r--p 00172000 08:01 4204243                    /usr/lib/x86_64-linux-gnu/libstdc++.so.6.0.21
7fb1a47da000-7fb1a47dc000 rw-p 0017c000 08:01 4204243                    /usr/lib/x86_64-linux-gnu/libstdc++.so.6.0.21
7fb1a47dc000-7fb1a47e0000 rw-p 00000000 00:00 0 
7fb1a47e0000-7fb1a494d000 r-xp 00000000 08:01 4197091                    /usr/lib/libBS_SDK_V2.so
7fb1a494d000-7fb1a4b4d000 ---p 0016d000 08:01 4197091                    /usr/lib/libBS_SDK_V2.so
7fb1a4b4d000-7fb1a4b59000 r--p 0016d000 08:01 4197091                    /usr/lib/libBS_SDK_V2.so
7fb1a4b59000-7fb1a4b5a000 rw-p 00179000 08:01 4197091                    /usr/lib/libBS_SDK_V2.so
7fb1a4b5a000-7fb1a5a45000 rw-p 00000000 00:00 0 
7fb1a5a45000-7fb1a5a49000 r--s 0003a000 08:01 4459924                    /usr/lib/jvm/java-8-oracle/jre/lib/ext/sunpkcs11.jar
7fb1a5a49000-7fb1a5a4c000 r--s 0001a000 08:01 4333744                    /usr/lib/jvm/java-8-oracle/jre/lib/jce.jar
7fb1a5a4c000-7fb1a5a51000 r--s 002f9000 08:01 4333731                    /usr/lib/jvm/java-8-oracle/jre/lib/charsets.jar
7fb1a5a51000-7fb1a5a5b000 r--s 00116000 08:01 4459926                    /usr/lib/jvm/java-8-oracle/jre/lib/ext/localedata.jar
7fb1a5a5b000-7fb1a5b42000 r-xp 00000000 08:01 4197092                    /usr/lib/libBS_SDK_V2_wrap.so
7fb1a5b42000-7fb1a5d41000 ---p 000e7000 08:01 4197092                    /usr/lib/libBS_SDK_V2_wrap.so
7fb1a5d41000-7fb1a5d42000 r--p 000e6000 08:01 4197092                    /usr/lib/libBS_SDK_V2_wrap.so
7fb1a5d42000-7fb1a5d43000 rw-p 000e7000 08:01 4197092                    /usr/lib/libBS_SDK_V2_wrap.so
7fb1a5d43000-7fb1a5d44000 ---p 00000000 00:00 0 
7fb1a5d44000-7fb1a5e44000 rw-p 00000000 00:00 0 
7fb1a5e44000-7fb1a5e47000 ---p 00000000 00:00 0 
7fb1a5e47000-7fb1a5f45000 rw-p 00000000 00:00 0 
7fb1a5f45000-7fb1a5f49000 r--s 000a1000 08:01 4333738                    /usr/lib/jvm/java-8-oracle/jre/lib/jsse.jar
7fb1a5f49000-7fb1a5f5a000 r-xp 00000000 08:01 4463115                    /usr/lib/jvm/java-8-oracle/jre/lib/amd64/libnio.so
7fb1a5f5a000-7fb1a6159000 ---p 00011000 08:01 4463115                    /usr/lib/jvm/java-8-oracle/jre/lib/amd64/libnio.so
7fb1a6159000-7fb1a615a000 r--p 00010000 08:01 4463115                    /usr/lib/jvm/java-8-oracle/jre/lib/amd64/libnio.so
7fb1a615a000-7fb1a615b000 rw-p 00011000 08:01 4463115                    /usr/lib/jvm/java-8-oracle/jre/lib/amd64/libnio.so
7fb1a615b000-7fb1a6164000 r-xp 00000000 08:01 4463120                    /usr/lib/jvm/java-8-oracle/jre/lib/amd64/libmanagement.so
7fb1a6164000-7fb1a6363000 ---p 00009000 08:01 4463120                    /usr/lib/jvm/java-8-oracle/jre/lib/amd64/libmanagement.so
7fb1a6363000-7fb1a6364000 r--p 00008000 08:01 4463120                    /usr/lib/jvm/java-8-oracle/jre/lib/amd64/libmanagement.so
7fb1a6364000-7fb1a6365000 rw-p 00009000 08:01 4463120                    /usr/lib/jvm/java-8-oracle/jre/lib/amd64/libmanagement.so
7fb1a6365000-7fb1a6368000 ---p 00000000 00:00 0 
7fb1a6368000-7fb1a6466000 rw-p 00000000 00:00 0 
7fb1a6466000-7fb1a647c000 r-xp 00000000 08:01 4463112                    /usr/lib/jvm/java-8-oracle/jre/lib/amd64/libnet.so
7fb1a647c000-7fb1a667c000 ---p 00016000 08:01 4463112                    /usr/lib/jvm/java-8-oracle/jre/lib/amd64/libnet.so
7fb1a667c000-7fb1a667d000 r--p 00016000 08:01 4463112                    /usr/lib/jvm/java-8-oracle/jre/lib/amd64/libnet.so
7fb1a667d000-7fb1a667e000 rw-p 00017000 08:01 4463112                    /usr/lib/jvm/java-8-oracle/jre/lib/amd64/libnet.so
7fb1a667e000-7fb1a6681000 ---p 00000000 00:00 0 
7fb1a6681000-7fb1a677f000 rw-p 00000000 00:00 0 
7fb1a677f000-7fb1a6782000 ---p 00000000 00:00 0 
7fb1a6782000-7fb1a6880000 rw-p 00000000 00:00 0 
7fb1a6880000-7fb1a6883000 ---p 00000000 00:00 0 
7fb1a6883000-7fb1a6981000 rw-p 00000000 00:00 0 
7fb1a6981000-7fb1a6984000 ---p 00000000 00:00 0 
7fb1a6984000-7fb1a6a82000 rw-p 00000000 00:00 0 
7fb1a6a82000-7fb1a6a84000 r--s 0001b000 08:01 1836394                    /home/meyer/Downloads/idea-IU-191.6183.87/lib/idea_rt.jar
7fb1a6a84000-7fb1a6a92000 r--s 0016d000 08:01 2359775                    /home/meyer/.m2/repository/org/hsqldb/hsqldb/2.4.1/hsqldb-2.4.1.jar
7fb1a6a92000-7fb1a6a9f000 r--s 000b2000 08:01 2359741                    /home/meyer/.m2/repository/org/springframework/security/spring-security-config/5.1.5.RELEASE/spring-security-config-5.1.5.RELEASE.jar
7fb1a6a9f000-7fb1a6aa0000 r--s 00000000 08:01 2359739                    /home/meyer/.m2/repository/org/springframework/boot/spring-boot-starter-security/2.1.4.RELEASE/spring-boot-starter-security-2.1.4.RELEASE.jar
7fb1a6aa0000-7fb1a6aa4000 r--s 0004c000 08:01 2233045                    /home/meyer/.m2/repository/com/fasterxml/jackson/core/jackson-core/2.9.8/jackson-core-2.9.8.jar
7fb1a6aa4000-7fb1a6aa7000 r--s 0000e000 08:01 2233021                    /home/meyer/.m2/repository/com/fasterxml/jackson/core/jackson-annotations/2.9.0/jackson-annotations-2.9.0.jar
7fb1a6aa7000-7fb1a6ab9000 r--s 00137000 08:01 2233042                    /home/meyer/.m2/repository/com/fasterxml/jackson/core/jackson-databind/2.9.8/jackson-databind-2.9.8.jar
7fb1a6ab9000-7fb1a6abd000 r--s 00018000 08:01 2359767                    /home/meyer/.m2/repository/io/jsonwebtoken/jjwt/0.7.0/jjwt-0.7.0.jar
7fb1a6abd000-7fb1a6ac9000 r--s 0005e000 08:01 2359695                    /home/meyer/.m2/repository/org/springframework/security/spring-security-core/5.1.5.RELEASE/spring-security-core-5.1.5.RELEASE.jar
7fb1a6ac9000-7fb1a6ace000 r--s 00040000 08:01 2233035                    /home/meyer/.m2/repository/org/springframework/spring-expression/5.1.6.RELEASE/spring-expression-5.1.6.RELEASE.jar
7fb1a6ace000-7fb1a6ae8000 r--s 000f3000 08:01 2233071                    /home/meyer/.m2/repository/org/springframework/spring-context/5.1.6.RELEASE/spring-context-5.1.6.RELEASE.jar
7fb1a6ae8000-7fb1a6af5000 r--s 00098000 08:01 2233034                    /home/meyer/.m2/repository/org/springframework/spring-beans/5.1.6.RELEASE/spring-beans-5.1.6.RELEASE.jar
7fb1a6af5000-7fb1a6aff000 r--s 00051000 08:01 2232958                    /home/meyer/.m2/repository/org/springframework/spring-aop/5.1.6.RELEASE/spring-aop-5.1.6.RELEASE.jar
7fb1a6aff000-7fb1a6b0e000 r--s 00075000 08:01 2359721                    /home/meyer/.m2/repository/org/springframework/security/spring-security-web/5.1.5.RELEASE/spring-security-web-5.1.5.RELEASE.jar
7fb1a6b0e000-7fb1a6b10000 r--s 00010000 08:01 2359727                    /home/meyer/.m2/repository/org/springframework/security/spring-security-crypto/5.1.5.RELEASE/spring-security-crypto-5.1.5.RELEASE.jar
7fb1a6b10000-7fb1a6b27000 r--s 0018d000 08:01 2359340                    /home/meyer/.m2/repository/org/projectlombok/lombok/1.18.6/lombok-1.18.6.jar
7fb1a6b27000-7fb1a6b28000 r--s 00004000 08:01 2359342                    /home/meyer/.m2/repository/org/springframework/plugin/spring-plugin-core/1.2.0.RELEASE/spring-plugin-core-1.2.0.RELEASE.jar
7fb1a6b28000-7fb1a6b2d000 r--s 0002f000 08:01 2232296                    /home/meyer/.m2/repository/org/springframework/hateoas/spring-hateoas/0.25.1.RELEASE/spring-hateoas-0.25.1.RELEASE.jar
7fb1a6b2d000-7fb1a6b2e000 r--s 00000000 08:01 2232294                    /home/meyer/.m2/repository/org/springframework/boot/spring-boot-starter-hateoas/2.1.4.RELEASE/spring-boot-starter-hateoas-2.1.4.RELEASE.jar
7fb1a6b2e000-7fb1a6b2f000 r--s 00005000 08:01 2233094                    /home/meyer/.m2/repository/org/springframework/spring-jcl/5.1.6.RELEASE/spring-jcl-5.1.6.RELEASE.jar
7fb1a6b2f000-7fb1a6b47000 r--s 00124000 08:01 2232967                    /home/meyer/.m2/repository/org/springframework/spring-core/5.1.6.RELEASE/spring-core-5.1.6.RELEASE.jar
7fb1a6b47000-7fb1a6b76000 r--s 002e7000 08:01 2232970                    /home/meyer/.m2/repository/org/apache/derby/derby/10.14.2.0/derby-10.14.2.0.jar
7fb1a6b76000-7fb1a6b85000 r--s 000b5000 08:01 2233041                    /home/meyer/.m2/repository/org/springframework/spring-webmvc/5.1.6.RELEASE/spring-webmvc-5.1.6.RELEASE.jar
7fb1a6b85000-7fb1a6ba1000 r--s 00137000 08:01 2232977                    /home/meyer/.m2/repository/org/springframework/spring-web/5.1.6.RELEASE/spring-web-5.1.6.RELEASE.jar
7fb1a6ba1000-7fb1a6ba6000 r--s 00012000 08:01 2233051                    /home/meyer/.m2/repository/javax/validation/validation-api/2.0.1.Final/validation-api-2.0.1.Final.jar
7fb1a6ba6000-7fb1a6bc3000 r--s 000fe000 08:01 2233026                    /home/meyer/.m2/repository/org/hibernate/validator/hibernate-validator/6.0.16.Final/hibernate-validator-6.0.16.Final.jar
7fb1a6bc3000-7fb1a6bc8000 r--s 0003c000 08:01 2233033                    /home/meyer/.m2/repository/org/apache/tomcat/embed/tomcat-embed-websocket/9.0.17/tomcat-embed-websocket-9.0.17.jar
7fb1a6bc8000-7fb1a6bcd000 r--s 00039000 08:01 2233058                    /home/meyer/.m2/repository/org/apache/tomcat/embed/tomcat-embed-el/9.0.17/tomcat-embed-el-9.0.17.jar
7fb1a6bcd000-7fb1a6bf7000 r--s 002f9000 08:01 2233057                    /home/meyer/.m2/repository/org/apache/tomcat/embed/tomcat-embed-core/9.0.17/tomcat-embed-core-9.0.17.jar
7fb1a6bf7000-7fb1a6bf8000 r--s 00000000 08:01 2233054                    /home/meyer/.m2/repository/org/springframework/boot/spring-boot-starter-tomcat/2.1.4.RELEASE/spring-boot-starter-tomcat-2.1.4.RELEASE.jar
7fb1a6bf8000-7fb1a6bfa000 r--s 00001000 08:01 2232984                    /home/meyer/.m2/repository/com/fasterxml/jackson/module/jackson-module-parameter-names/2.9.8/jackson-module-parameter-names-2.9.8.jar
7fb1a6bfa000-7fb1a6bfd000 r--s 00016000 08:01 2233037                    /home/meyer/.m2/repository/com/fasterxml/jackson/datatype/jackson-datatype-jsr310/2.9.8/jackson-datatype-jsr310-2.9.8.jar
7fb1a6bfd000-7fb1a6bff000 r--s 00007000 08:01 2233046                    /home/meyer/.m2/repository/com/fasterxml/jackson/datatype/jackson-datatype-jdk8/2.9.8/jackson-datatype-jdk8-2.9.8.jar
7fb1a6bff000-7fb1a6c00000 r--s 00000000 08:01 2233038                    /home/meyer/.m2/repository/org/springframework/boot/spring-boot-starter-json/2.1.4.RELEASE/spring-boot-starter-json-2.1.4.RELEASE.jar
7fb1a6c00000-7fb1a6c07000 r--s 00043000 08:01 2233036                    /home/meyer/.m2/repository/org/yaml/snakeyaml/1.23/snakeyaml-1.23.jar
7fb1a6c07000-7fb1a6c09000 r--s 00005000 08:01 2233020                    /home/meyer/.m2/repository/javax/annotation/javax.annotation-api/1.3.2/javax.annotation-api-1.3.2.jar
7fb1a6c09000-7fb1a6c0b000 r--s 00000000 08:01 2233030                    /home/meyer/.m2/repository/org/slf4j/jul-to-slf4j/1.7.26/jul-to-slf4j-1.7.26.jar
7fb1a6c0b000-7fb1a6c11000 r--s 0003c000 08:01 2233029                    /home/meyer/.m2/repository/org/apache/logging/log4j/log4j-api/2.11.2/log4j-api-2.11.2.jar
7fb1a6c11000-7fb1a6c13000 r--s 00003000 08:01 2233015                    /home/meyer/.m2/repository/org/apache/logging/log4j/log4j-to-slf4j/2.11.2/log4j-to-slf4j-2.11.2.jar
7fb1a6c13000-7fb1a6c1e000 r--s 00069000 08:01 2232981                    /home/meyer/.m2/repository/ch/qos/logback/logback-core/1.2.3/logback-core-1.2.3.jar
7fb1a6c1e000-7fb1a6c24000 r--s 00041000 08:01 2233027                    /home/meyer/.m2/repository/ch/qos/logback/logback-classic/1.2.3/logback-classic-1.2.3.jar
7fb1a6c24000-7fb1a6c25000 r--s 00000000 08:01 2232992                    /home/meyer/.m2/repository/org/springframework/boot/spring-boot-starter-logging/2.1.4.RELEASE/spring-boot-starter-logging-2.1.4.RELEASE.jar
7fb1a6c25000-7fb1a6c49000 r--s 00111000 08:01 2233077                    /home/meyer/.m2/repository/org/springframework/boot/spring-boot-autoconfigure/2.1.4.RELEASE/spring-boot-autoconfigure-2.1.4.RELEASE.jar
7fb1a6c49000-7fb1a6c5e000 r--s 000d4000 08:01 2233075                    /home/meyer/.m2/repository/org/springframework/boot/spring-boot/2.1.4.RELEASE/spring-boot-2.1.4.RELEASE.jar
7fb1a6c5e000-7fb1a6c60000 r--s 0000a000 08:01 2232982                    /home/meyer/.m2/repository/org/springframework/spring-aspects/5.1.6.RELEASE/spring-aspects-5.1.6.RELEASE.jar
7fb1a6c60000-7fb1a6c62000 r--s 00009000 08:01 2102873                    /home/meyer/.m2/repository/org/slf4j/slf4j-api/1.7.26/slf4j-api-1.7.26.jar
7fb1a6c62000-7fb1a6c6a000 r--s 00037000 08:01 2232988                    /home/meyer/.m2/repository/org/springframework/spring-tx/5.1.6.RELEASE/spring-tx-5.1.6.RELEASE.jar
7fb1a6c6a000-7fb1a6c6e000 r--s 0002d000 08:01 2232960                    /home/meyer/.m2/repository/org/springframework/spring-orm/5.1.6.RELEASE/spring-orm-5.1.6.RELEASE.jar
7fb1a6c6e000-7fb1a6c86000 r--s 00106000 08:01 2232986                    /home/meyer/.m2/repository/org/springframework/data/spring-data-commons/2.1.6.RELEASE/spring-data-commons-2.1.6.RELEASE.jar
7fb1a6c86000-7fb1a6c8e000 r--s 0004f000 08:01 2233004                    /home/meyer/.m2/repository/org/springframework/data/spring-data-jpa/2.1.6.RELEASE/spring-data-jpa-2.1.6.RELEASE.jar
7fb1a6c8e000-7fb1a6c93000 r--s 0004b000 08:01 2232999                    /home/meyer/.m2/repository/org/dom4j/dom4j/2.1.1/dom4j-2.1.1.jar
7fb1a6c93000-7fb1a6cda000 r--s 002da000 08:01 2233084                    /home/meyer/.m2/repository/net/bytebuddy/byte-buddy/1.9.12/byte-buddy-1.9.12.jar
7fb1a6cda000-7fb1a6cdd000 ---p 00000000 00:00 0 
7fb1a6cdd000-7fb1a6ddb000 rw-p 00000000 00:00 0 
7fb1a6ddb000-7fb1a78f9000 r--p 00000000 08:01 4201871                    /usr/lib/locale/locale-archive
7fb1a78f9000-7fb1a78fc000 ---p 00000000 00:00 0 
7fb1a78fc000-7fb1a79fa000 rw-p 00000000 00:00 0 
7fb1a79fa000-7fb1a79fd000 ---p 00000000 00:00 0 
7fb1a79fd000-7fb1a7afb000 rw-p 00000000 00:00 0 
7fb1a7afb000-7fb1a7afc000 ---p 00000000 00:00 0 
7fb1a7afc000-7fb1a8000000 rw-p 00000000 00:00 0 
7fb1a8000000-7fb1a8027000 rw-p 00000000 00:00 0 
7fb1a8027000-7fb1ac000000 ---p 00000000 00:00 0 
7fb1ac000000-7fb1ac001000 r--s 00000000 08:01 2233040                    /home/meyer/.m2/repository/org/springframework/boot/spring-boot-starter/2.1.4.RELEASE/spring-boot-starter-2.1.4.RELEASE.jar
7fb1ac001000-7fb1ac004000 r--s 00010000 08:01 2232964                    /home/meyer/.m2/repository/org/hibernate/common/hibernate-commons-annotations/5.0.4.Final/hibernate-commons-annotations-5.0.4.Final.jar
7fb1ac004000-7fb1ac006000 r--s 0000f000 08:01 2233064                    /home/meyer/.m2/repository/com/fasterxml/classmate/1.4.0/classmate-1.4.0.jar
7fb1ac006000-7fb1ac009000 r--s 0002b000 08:01 2232972                    /home/meyer/.m2/repository/org/jboss/jandex/2.0.5.Final/jandex-2.0.5.Final.jar
7fb1ac009000-7fb1ac014000 r--s 000b2000 08:01 2232990                    /home/meyer/.m2/repository/org/javassist/javassist/3.23.1-GA/javassist-3.23.1-GA.jar
7fb1ac014000-7fb1ac097000 r--s 00626000 08:01 2232985                    /home/meyer/.m2/repository/org/hibernate/hibernate-core/5.3.9.Final/hibernate-core-5.3.9.Final.jar
7fb1ac097000-7fb1b1000000 rw-p 00000000 00:00 0 
7fb1b1000000-7fb1b19f0000 rwxp 00000000 00:00 0 
7fb1b19f0000-7fb1c0000000 ---p 00000000 00:00 0 
7fb1c0000000-7fb1c1711000 rw-p 00000000 00:00 0 
7fb1c1711000-7fb1c4000000 ---p 00000000 00:00 0 
7fb1c4000000-7fb1c4001000 r--s 00000000 08:01 2232987                    /home/meyer/.m2/repository/org/springframework/boot/spring-boot-starter-web/2.1.4.RELEASE/spring-boot-starter-web-2.1.4.RELEASE.jar
7fb1c4001000-7fb1c4006000 r--s 00068000 08:01 2102869                    /home/meyer/.m2/repository/antlr/antlr/2.7.7/antlr-2.7.7.jar
7fb1c4006000-7fb1c400c000 r--s 00023000 08:01 2232989                    /home/meyer/.m2/repository/javax/persistence/javax.persistence-api/2.2/javax.persistence-api-2.2.jar
7fb1c400c000-7fb1c400e000 r--s 0000f000 08:01 2233063                    /home/meyer/.m2/repository/org/jboss/logging/jboss-logging/3.3.2.Final/jboss-logging-3.3.2.Final.jar
7fb1c400e000-7fb1c4010000 r--s 0000c000 08:01 2232996                    /home/meyer/.m2/repository/javax/activation/javax.activation-api/1.2.0/javax.activation-api-1.2.0.jar
7fb1c4010000-7fb1c4014000 r--s 0001c000 08:01 2232980                    /home/meyer/.m2/repository/javax/xml/bind/jaxb-api/2.3.1/jaxb-api-2.3.1.jar
7fb1c4014000-7fb1c401d000 r--s 0005a000 08:01 2233006                    /home/meyer/.m2/repository/org/springframework/spring-jdbc/5.1.6.RELEASE/spring-jdbc-5.1.6.RELEASE.jar
7fb1c401d000-7fb1c4021000 r--s 00020000 08:01 2232963                    /home/meyer/.m2/repository/com/zaxxer/HikariCP/3.2.0/HikariCP-3.2.0.jar
7fb1c4021000-7fb1c403a000 r--s 001de000 08:01 2233014                    /home/meyer/.m2/repository/org/aspectj/aspectjweaver/1.9.2/aspectjweaver-1.9.2.jar
7fb1c403a000-7fb1c404d000 r--s 00345000 08:01 4333737                    /usr/lib/jvm/java-8-oracle/jre/lib/resources.jar
7fb1c404d000-7fb1c4060000 r--s 000d6000 08:01 4333718                    /usr/lib/jvm/java-8-oracle/jre/lib/plugin.jar
7fb1c4060000-7fb1c4064000 r--s 000a1000 08:01 4333738                    /usr/lib/jvm/java-8-oracle/jre/lib/jsse.jar
7fb1c4064000-7fb1c407f000 r--s 0020c000 08:01 4333705                    /usr/lib/jvm/java-8-oracle/jre/lib/deploy.jar
7fb1c407f000-7fb1c4281000 rw-p 00000000 00:00 0 
7fb1c4281000-7fb1c445b000 r--s 03d6f000 08:01 4333733                    /usr/lib/jvm/java-8-oracle/jre/lib/rt.jar
7fb1c445b000-7fb1c48b7000 rw-p 00000000 00:00 0 
7fb1c48b7000-7fb1c48b8000 ---p 00000000 00:00 0 
7fb1c48b8000-7fb1c49b8000 rw-p 00000000 00:00 0 
7fb1c49b8000-7fb1c49b9000 ---p 00000000 00:00 0 
7fb1c49b9000-7fb1c4ab9000 rw-p 00000000 00:00 0 
7fb1c4ab9000-7fb1c4aba000 ---p 00000000 00:00 0 
7fb1c4aba000-7fb1c4bba000 rw-p 00000000 00:00 0 
7fb1c4bba000-7fb1c4bbb000 ---p 00000000 00:00 0 
7fb1c4bbb000-7fb1c4cf7000 rw-p 00000000 00:00 0 
7fb1c4cf7000-7fb1c4f55000 ---p 00000000 00:00 0 
7fb1c4f55000-7fb1c4f91000 rw-p 00000000 00:00 0 
7fb1c4f91000-7fb1c51ee000 ---p 00000000 00:00 0 
7fb1c51ee000-7fb1c52d8000 rw-p 00000000 00:00 0 
7fb1c52d8000-7fb1c533b000 ---p 00000000 00:00 0 
7fb1c533b000-7fb1c5364000 rw-p 00000000 00:00 0 
7fb1c5364000-7fb1c56fc000 ---p 00000000 00:00 0 
7fb1c56fc000-7fb1c5717000 r-xp 00000000 08:01 4463108                    /usr/lib/jvm/java-8-oracle/jre/lib/amd64/libzip.so
7fb1c5717000-7fb1c5916000 ---p 0001b000 08:01 4463108                    /usr/lib/jvm/java-8-oracle/jre/lib/amd64/libzip.so
7fb1c5916000-7fb1c5917000 r--p 0001a000 08:01 4463108                    /usr/lib/jvm/java-8-oracle/jre/lib/amd64/libzip.so
7fb1c5917000-7fb1c5918000 rw-p 0001b000 08:01 4463108                    /usr/lib/jvm/java-8-oracle/jre/lib/amd64/libzip.so
7fb1c5918000-7fb1c5923000 r-xp 00000000 08:01 267371                     /lib/x86_64-linux-gnu/libnss_files-2.23.so
7fb1c5923000-7fb1c5b22000 ---p 0000b000 08:01 267371                     /lib/x86_64-linux-gnu/libnss_files-2.23.so
7fb1c5b22000-7fb1c5b23000 r--p 0000a000 08:01 267371                     /lib/x86_64-linux-gnu/libnss_files-2.23.so
7fb1c5b23000-7fb1c5b24000 rw-p 0000b000 08:01 267371                     /lib/x86_64-linux-gnu/libnss_files-2.23.so
7fb1c5b24000-7fb1c5b2a000 rw-p 00000000 00:00 0 
7fb1c5b2a000-7fb1c5b35000 r-xp 00000000 08:01 267381                     /lib/x86_64-linux-gnu/libnss_nis-2.23.so
7fb1c5b35000-7fb1c5d34000 ---p 0000b000 08:01 267381                     /lib/x86_64-linux-gnu/libnss_nis-2.23.so
7fb1c5d34000-7fb1c5d35000 r--p 0000a000 08:01 267381                     /lib/x86_64-linux-gnu/libnss_nis-2.23.so
7fb1c5d35000-7fb1c5d36000 rw-p 0000b000 08:01 267381                     /lib/x86_64-linux-gnu/libnss_nis-2.23.so
7fb1c5d36000-7fb1c5d4c000 r-xp 00000000 08:01 267365                     /lib/x86_64-linux-gnu/libnsl-2.23.so
7fb1c5d4c000-7fb1c5f4b000 ---p 00016000 08:01 267365                     /lib/x86_64-linux-gnu/libnsl-2.23.so
7fb1c5f4b000-7fb1c5f4c000 r--p 00015000 08:01 267365                     /lib/x86_64-linux-gnu/libnsl-2.23.so
7fb1c5f4c000-7fb1c5f4d000 rw-p 00016000 08:01 267365                     /lib/x86_64-linux-gnu/libnsl-2.23.so
7fb1c5f4d000-7fb1c5f4f000 rw-p 00000000 00:00 0 
7fb1c5f4f000-7fb1c5f57000 r-xp 00000000 08:01 267367                     /lib/x86_64-linux-gnu/libnss_compat-2.23.so
7fb1c5f57000-7fb1c6156000 ---p 00008000 08:01 267367                     /lib/x86_64-linux-gnu/libnss_compat-2.23.so
7fb1c6156000-7fb1c6157000 r--p 00007000 08:01 267367                     /lib/x86_64-linux-gnu/libnss_compat-2.23.so
7fb1c6157000-7fb1c6158000 rw-p 00008000 08:01 267367                     /lib/x86_64-linux-gnu/libnss_compat-2.23.so
7fb1c6158000-7fb1c6162000 r-xp 00000000 08:01 4463117                    /usr/lib/jvm/java-8-oracle/jre/lib/amd64/libinstrument.so
7fb1c6162000-7fb1c6361000 ---p 0000a000 08:01 4463117                    /usr/lib/jvm/java-8-oracle/jre/lib/amd64/libinstrument.so
7fb1c6361000-7fb1c6362000 r--p 00009000 08:01 4463117                    /usr/lib/jvm/java-8-oracle/jre/lib/amd64/libinstrument.so
7fb1c6362000-7fb1c6363000 rw-p 0000a000 08:01 4463117                    /usr/lib/jvm/java-8-oracle/jre/lib/amd64/libinstrument.so
7fb1c6363000-7fb1c638f000 r-xp 00000000 08:01 4463102                    /usr/lib/jvm/java-8-oracle/jre/lib/amd64/libjava.so
7fb1c638f000-7fb1c658f000 ---p 0002c000 08:01 4463102                    /usr/lib/jvm/java-8-oracle/jre/lib/amd64/libjava.so
7fb1c658f000-7fb1c6590000 r--p 0002c000 08:01 4463102                    /usr/lib/jvm/java-8-oracle/jre/lib/amd64/libjava.so
7fb1c6590000-7fb1c6592000 rw-p 0002d000 08:01 4463102                    /usr/lib/jvm/java-8-oracle/jre/lib/amd64/libjava.so
7fb1c6592000-7fb1c659f000 r-xp 00000000 08:01 4463107                    /usr/lib/jvm/java-8-oracle/jre/lib/amd64/libverify.so
7fb1c659f000-7fb1c679e000 ---p 0000d000 08:01 4463107                    /usr/lib/jvm/java-8-oracle/jre/lib/amd64/libverify.so
7fb1c679e000-7fb1c67a0000 r--p 0000c000 08:01 4463107                    /usr/lib/jvm/java-8-oracle/jre/lib/amd64/libverify.so
7fb1c67a0000-7fb1c67a1000 rw-p 0000e000 08:01 4463107                    /usr/lib/jvm/java-8-oracle/jre/lib/amd64/libverify.so
7fb1c67a1000-7fb1c67a8000 r-xp 00000000 08:01 267426                     /lib/x86_64-linux-gnu/librt-2.23.so
7fb1c67a8000-7fb1c69a7000 ---p 00007000 08:01 267426                     /lib/x86_64-linux-gnu/librt-2.23.so
7fb1c69a7000-7fb1c69a8000 r--p 00006000 08:01 267426                     /lib/x86_64-linux-gnu/librt-2.23.so
7fb1c69a8000-7fb1c69a9000 rw-p 00007000 08:01 267426                     /lib/x86_64-linux-gnu/librt-2.23.so
7fb1c69a9000-7fb1c6ab1000 r-xp 00000000 08:01 267342                     /lib/x86_64-linux-gnu/libm-2.23.so
7fb1c6ab1000-7fb1c6cb0000 ---p 00108000 08:01 267342                     /lib/x86_64-linux-gnu/libm-2.23.so
7fb1c6cb0000-7fb1c6cb1000 r--p 00107000 08:01 267342                     /lib/x86_64-linux-gnu/libm-2.23.so
7fb1c6cb1000-7fb1c6cb2000 rw-p 00108000 08:01 267342                     /lib/x86_64-linux-gnu/libm-2.23.so
7fb1c6cb2000-7fb1c799a000 r-xp 00000000 08:01 4463084                    /usr/lib/jvm/java-8-oracle/jre/lib/amd64/server/libjvm.so
7fb1c799a000-7fb1c7b99000 ---p 00ce8000 08:01 4463084                    /usr/lib/jvm/java-8-oracle/jre/lib/amd64/server/libjvm.so
7fb1c7b99000-7fb1c7c2f000 r--p 00ce7000 08:01 4463084                    /usr/lib/jvm/java-8-oracle/jre/lib/amd64/server/libjvm.so
7fb1c7c2f000-7fb1c7c60000 rw-p 00d7d000 08:01 4463084                    /usr/lib/jvm/java-8-oracle/jre/lib/amd64/server/libjvm.so
7fb1c7c60000-7fb1c7c9b000 rw-p 00000000 00:00 0 
7fb1c7c9b000-7fb1c7e5b000 r-xp 00000000 08:01 267272                     /lib/x86_64-linux-gnu/libc-2.23.so
7fb1c7e5b000-7fb1c805b000 ---p 001c0000 08:01 267272                     /lib/x86_64-linux-gnu/libc-2.23.so
7fb1c805b000-7fb1c805f000 r--p 001c0000 08:01 267272                     /lib/x86_64-linux-gnu/libc-2.23.so
7fb1c805f000-7fb1c8061000 rw-p 001c4000 08:01 267272                     /lib/x86_64-linux-gnu/libc-2.23.so
7fb1c8061000-7fb1c8065000 rw-p 00000000 00:00 0 
7fb1c8065000-7fb1c8068000 r-xp 00000000 08:01 267296                     /lib/x86_64-linux-gnu/libdl-2.23.so
7fb1c8068000-7fb1c8267000 ---p 00003000 08:01 267296                     /lib/x86_64-linux-gnu/libdl-2.23.so
7fb1c8267000-7fb1c8268000 r--p 00002000 08:01 267296                     /lib/x86_64-linux-gnu/libdl-2.23.so
7fb1c8268000-7fb1c8269000 rw-p 00003000 08:01 267296                     /lib/x86_64-linux-gnu/libdl-2.23.so
7fb1c8269000-7fb1c8280000 r-xp 00000000 08:01 4333654                    /usr/lib/jvm/java-8-oracle/lib/amd64/jli/libjli.so
7fb1c8280000-7fb1c847f000 ---p 00017000 08:01 4333654                    /usr/lib/jvm/java-8-oracle/lib/amd64/jli/libjli.so
7fb1c847f000-7fb1c8480000 r--p 00016000 08:01 4333654                    /usr/lib/jvm/java-8-oracle/lib/amd64/jli/libjli.so
7fb1c8480000-7fb1c8481000 rw-p 00017000 08:01 4333654                    /usr/lib/jvm/java-8-oracle/lib/amd64/jli/libjli.so
7fb1c8481000-7fb1c8499000 r-xp 00000000 08:01 267418                     /lib/x86_64-linux-gnu/libpthread-2.23.so
7fb1c8499000-7fb1c8698000 ---p 00018000 08:01 267418                     /lib/x86_64-linux-gnu/libpthread-2.23.so
7fb1c8698000-7fb1c8699000 r--p 00017000 08:01 267418                     /lib/x86_64-linux-gnu/libpthread-2.23.so
7fb1c8699000-7fb1c869a000 rw-p 00018000 08:01 267418                     /lib/x86_64-linux-gnu/libpthread-2.23.so
7fb1c869a000-7fb1c869e000 rw-p 00000000 00:00 0 
7fb1c869e000-7fb1c86c4000 r-xp 00000000 08:01 267244                     /lib/x86_64-linux-gnu/ld-2.23.so
7fb1c86c4000-7fb1c86c5000 r--s 00006000 08:01 2232978                    /home/meyer/.m2/repository/javax/transaction/javax.transaction-api/1.3/javax.transaction-api-1.3.jar
7fb1c86c5000-7fb1c86c6000 r--s 00000000 08:01 2232968                    /home/meyer/.m2/repository/org/springframework/boot/spring-boot-starter-jdbc/2.1.4.RELEASE/spring-boot-starter-jdbc-2.1.4.RELEASE.jar
7fb1c86c6000-7fb1c86c7000 r--s 00000000 08:01 2232956                    /home/meyer/.m2/repository/org/springframework/boot/spring-boot-starter-aop/2.1.4.RELEASE/spring-boot-starter-aop-2.1.4.RELEASE.jar
7fb1c86c7000-7fb1c86cc000 r--s 00084000 08:01 4333704                    /usr/lib/jvm/java-8-oracle/jre/lib/jfr.jar
7fb1c86cc000-7fb1c86d6000 r--s 0006e000 08:01 4333714                    /usr/lib/jvm/java-8-oracle/jre/lib/javaws.jar
7fb1c86d6000-7fb1c87a7000 rw-p 00000000 00:00 0 
7fb1c87a7000-7fb1c87aa000 ---p 00000000 00:00 0 
7fb1c87aa000-7fb1c88ad000 rw-p 00000000 00:00 0 
7fb1c88ad000-7fb1c88ae000 r--s 00000000 08:01 2232962                    /home/meyer/.m2/repository/org/springframework/boot/spring-boot-starter-data-jpa/2.1.4.RELEASE/spring-boot-starter-data-jpa-2.1.4.RELEASE.jar
7fb1c88ae000-7fb1c88af000 r--s 00000000 08:01 4333711                    /usr/lib/jvm/java-8-oracle/jre/lib/management-agent.jar
7fb1c88af000-7fb1c88b1000 r--s 00007000 08:01 4333746                    /usr/lib/jvm/java-8-oracle/jre/lib/jfxswt.jar
7fb1c88b1000-7fb1c88b4000 r--s 0001a000 08:01 4333744                    /usr/lib/jvm/java-8-oracle/jre/lib/jce.jar
7fb1c88b4000-7fb1c88b9000 r--s 002f9000 08:01 4333731                    /usr/lib/jvm/java-8-oracle/jre/lib/charsets.jar
7fb1c88b9000-7fb1c88c1000 rw-s 00000000 08:01 3407905                    /tmp/hsperfdata_meyer/11940
7fb1c88c1000-7fb1c88c2000 rw-p 00000000 00:00 0 
7fb1c88c2000-7fb1c88c3000 r--p 00000000 00:00 0 
7fb1c88c3000-7fb1c88c4000 r--p 00025000 08:01 267244                     /lib/x86_64-linux-gnu/ld-2.23.so
7fb1c88c4000-7fb1c88c5000 rw-p 00026000 08:01 267244                     /lib/x86_64-linux-gnu/ld-2.23.so
7fb1c88c5000-7fb1c88c6000 rw-p 00000000 00:00 0 
7ffc8d93f000-7ffc8d962000 rw-p 00000000 00:00 0                          [stack]
7ffc8d993000-7ffc8d996000 r--p 00000000 00:00 0                          [vvar]
7ffc8d996000-7ffc8d998000 r-xp 00000000 00:00 0                          [vdso]
ffffffffff600000-ffffffffff601000 r-xp 00000000 00:00 0                  [vsyscall]

VM Arguments:
jvm_args: -XX:TieredStopAtLevel=1 -Xverify:none -Dspring.output.ansi.enabled=always -Dcom.sun.management.jmxremote -Dspring.liveBeansView.mbeanDomain -Dspring.application.admin.enabled=true -javaagent:/home/meyer/Downloads/idea-IU-191.6183.87/lib/idea_rt.jar=39449:/home/meyer/Downloads/idea-IU-191.6183.87/bin -Dfile.encoding=UTF-8 
java_command: com.suprema.idenfit.demo.DemoApplication
java_class_path (initial): /usr/lib/jvm/java-8-oracle/jre/lib/charsets.jar:/usr/lib/jvm/java-8-oracle/jre/lib/deploy.jar:/usr/lib/jvm/java-8-oracle/jre/lib/ext/cldrdata.jar:/usr/lib/jvm/java-8-oracle/jre/lib/ext/dnsns.jar:/usr/lib/jvm/java-8-oracle/jre/lib/ext/jaccess.jar:/usr/lib/jvm/java-8-oracle/jre/lib/ext/jfxrt.jar:/usr/lib/jvm/java-8-oracle/jre/lib/ext/localedata.jar:/usr/lib/jvm/java-8-oracle/jre/lib/ext/nashorn.jar:/usr/lib/jvm/java-8-oracle/jre/lib/ext/sunec.jar:/usr/lib/jvm/java-8-oracle/jre/lib/ext/sunjce_provider.jar:/usr/lib/jvm/java-8-oracle/jre/lib/ext/sunpkcs11.jar:/usr/lib/jvm/java-8-oracle/jre/lib/ext/zipfs.jar:/usr/lib/jvm/java-8-oracle/jre/lib/javaws.jar:/usr/lib/jvm/java-8-oracle/jre/lib/jce.jar:/usr/lib/jvm/java-8-oracle/jre/lib/jfr.jar:/usr/lib/jvm/java-8-oracle/jre/lib/jfxswt.jar:/usr/lib/jvm/java-8-oracle/jre/lib/jsse.jar:/usr/lib/jvm/java-8-oracle/jre/lib/management-agent.jar:/usr/lib/jvm/java-8-oracle/jre/lib/plugin.jar:/usr/lib/jvm/java-8-oracle/jre/lib/resources.jar:/usr/lib/jvm/java-8-oracle/jre/lib/rt.jar:/home/meyer/IdeaProjects/demo/target/classes:/home/meyer/.m2/repository/org/springframework/boot/spring-boot-starter-data-jpa/2.1.4.RELEASE/spring-boot-starter-data-jpa-2.1.4.RELEASE.jar:/home/meyer/.m2/repository/org/springframework/boot/spring-boot-starter-aop/2.1.4.RELEASE/spring-boot-starter-aop-2.1.4.RELEASE.jar:/home/meyer/.m2/repository/org/aspectj/aspectjweaver/1.9.2/aspectjweaver-1.9.2.jar:/home/meyer/.m2/repository/org/springframework/boot/spring-boot-starter-jdbc/2.1.4.RELEASE/spring-boot-starter-jdbc-2.1.4.RELEASE.jar:/home/meyer/.m2/repository/com/zaxxer/HikariCP/3.2.0/HikariCP-3.2.0.jar:/home/meyer/.m2/repository/org/springframework/spring-jdbc/5.1.6.RELEASE/spring-jdbc-5.1.6.RELEASE.jar:/home/meyer/.m2/repository/javax/transaction/javax.transaction-api/1.3/javax.transaction-api-1.3.jar:/home/meyer/.m2/repository/javax/xml/bind/jaxb-api/2.3.1/jaxb-api-2.3.1.jar:/home/meyer/.m2/repository/javax/activation/javax.activati
Launcher Type: SUN_STANDARD

Environment Variables:
JAVA_HOME=/usr/lib/jvm/java-8-oracle
PATH=/home/meyer/bin:/home/meyer/.local/bin:/usr/local/sbin:/usr/local/bin:/usr/sbin:/usr/bin:/sbin:/bin:/usr/games:/usr/local/games:/snap/bin:/usr/lib/jvm/java-8-oracle/bin:/usr/lib/jvm/java-8-oracle/db/bin:/usr/lib/jvm/java-8-oracle/jre/bin
SHELL=/bin/bash
DISPLAY=:0

Signal Handlers:
SIGSEGV: [libjvm.so+0xad3e60], sa_mask[0]=11111111011111111101111111111110, sa_flags=SA_RESTART|SA_SIGINFO
SIGBUS: [libjvm.so+0xad3e60], sa_mask[0]=11111111011111111101111111111110, sa_flags=SA_RESTART|SA_SIGINFO
SIGFPE: [libjvm.so+0x90b880], sa_mask[0]=11111111011111111101111111111110, sa_flags=SA_RESTART|SA_SIGINFO
SIGPIPE: [libjvm.so+0x90b880], sa_mask[0]=11111111011111111101111111111110, sa_flags=SA_RESTART|SA_SIGINFO
SIGXFSZ: [libjvm.so+0x90b880], sa_mask[0]=11111111011111111101111111111110, sa_flags=SA_RESTART|SA_SIGINFO
SIGILL: [libjvm.so+0x90b880], sa_mask[0]=11111111011111111101111111111110, sa_flags=SA_RESTART|SA_SIGINFO
SIGUSR1: SIG_DFL, sa_mask[0]=00000000000000000000000000000000, sa_flags=none
SIGUSR2: [libjvm.so+0x90b750], sa_mask[0]=00100000000000000000000000000000, sa_flags=SA_RESTART|SA_SIGINFO
SIGHUP: [libjvm.so+0x90bd70], sa_mask[0]=11111111011111111101111111111110, sa_flags=SA_RESTART|SA_SIGINFO
SIGINT: [libjvm.so+0x90bd70], sa_mask[0]=11111111011111111101111111111110, sa_flags=SA_RESTART|SA_SIGINFO
SIGTERM: [libjvm.so+0x90bd70], sa_mask[0]=11111111011111111101111111111110, sa_flags=SA_RESTART|SA_SIGINFO
SIGQUIT: [libjvm.so+0x90bd70], sa_mask[0]=11111111011111111101111111111110, sa_flags=SA_RESTART|SA_SIGINFO


---------------  S Y S T E M  ---------------

OS:DISTRIB_ID=Ubuntu
DISTRIB_RELEASE=16.04
DISTRIB_CODENAME=xenial
DISTRIB_DESCRIPTION="Ubuntu 16.04.6 LTS"

uname:Linux 4.15.0-45-generic #48~16.04.1-Ubuntu SMP Tue Jan 29 18:03:48 UTC 2019 x86_64
libc:glibc 2.23 NPTL 2.23 
rlimit: STACK 8192k, CORE 0k, NPROC 31673, NOFILE 1048576, AS infinity
load average:1,11 1,02 1,17

/proc/meminfo:
MemTotal:        8167928 kB
MemFree:         2516576 kB
MemAvailable:    4318812 kB
Buffers:          133188 kB
Cached:          1853876 kB
SwapCached:            0 kB
Active:          4563396 kB
Inactive:         806088 kB
Active(anon):    3383456 kB
Inactive(anon):    30044 kB
Active(file):    1179940 kB
Inactive(file):   776044 kB
Unevictable:          48 kB
Mlocked:              48 kB
SwapTotal:        998396 kB
SwapFree:         998396 kB
Dirty:               140 kB
Writeback:             0 kB
AnonPages:       3382572 kB
Mapped:           328536 kB
Shmem:             31084 kB
Slab:             165444 kB
SReclaimable:     131400 kB
SUnreclaim:        34044 kB
KernelStack:       11808 kB
PageTables:        45396 kB
NFS_Unstable:          0 kB
Bounce:                0 kB
WritebackTmp:          0 kB
CommitLimit:     5082360 kB
Committed_AS:    9074116 kB
VmallocTotal:   34359738367 kB
VmallocUsed:           0 kB
VmallocChunk:          0 kB
HardwareCorrupted:     0 kB
AnonHugePages:         0 kB
ShmemHugePages:        0 kB
ShmemPmdMapped:        0 kB
CmaTotal:              0 kB
CmaFree:               0 kB
HugePages_Total:       0
HugePages_Free:        0
HugePages_Rsvd:        0
HugePages_Surp:        0
Hugepagesize:       2048 kB
DirectMap4k:      110528 kB
DirectMap2M:     8278016 kB

container (cgroup) information:
container_type: cgroupv1
cpu_cpuset_cpus: 0-3
cpu_memory_nodes: 0
active_processor_count: 4
cpu_quota: -1
cpu_period: 100000
cpu_shares: -1
memory_limit_in_bytes: -1
memory_and_swap_limit_in_bytes: -2
memory_soft_limit_in_bytes: -1
memory_usage_in_bytes: 5498601472
memory_max_usage_in_bytes: 0


CPU:total 4 (initial active 4) (4 cores per cpu, 1 threads per core) family 6 model 158 stepping 9, cmov, cx8, fxsr, mmx, sse, sse2, sse3, ssse3, sse4.1, sse4.2, popcnt, avx, avx2, aes, clmul, 3dnowpref, lzcnt, tsc, tscinvbit

/proc/cpuinfo:
processor	: 0
vendor_id	: GenuineIntel
cpu family	: 6
model		: 158
model name	: Intel(R) Core(TM) i7-7700HQ CPU @ 2.80GHz
stepping	: 9
cpu MHz		: 2808.004
cache size	: 6144 KB
physical id	: 0
siblings	: 4
core id		: 0
cpu cores	: 4
apicid		: 0
initial apicid	: 0
fpu		: yes
fpu_exception	: yes
cpuid level	: 22
wp		: yes
flags		: fpu vme de pse tsc msr pae mce cx8 apic sep mtrr pge mca cmov pat pse36 clflush mmx fxsr sse sse2 ht syscall nx rdtscp lm constant_tsc rep_good nopl xtopology nonstop_tsc cpuid pni pclmulqdq ssse3 cx16 pcid sse4_1 sse4_2 x2apic movbe popcnt aes xsave avx rdrand hypervisor lahf_lm abm 3dnowprefetch invpcid_single pti fsgsbase avx2 invpcid rdseed clflushopt
bugs		: cpu_meltdown spectre_v1 spectre_v2 spec_store_bypass l1tf
bogomips	: 5616.00
clflush size	: 64
cache_alignment	: 64
address sizes	: 39 bits physical, 48 bits virtual
power management:

processor	: 1
vendor_id	: GenuineIntel
cpu family	: 6
model		: 158
model name	: Intel(R) Core(TM) i7-7700HQ CPU @ 2.80GHz
stepping	: 9
cpu MHz		: 2808.004
cache size	: 6144 KB
physical id	: 0
siblings	: 4
core id		: 1
cpu cores	: 4
apicid		: 1
initial apicid	: 1
fpu		: yes
fpu_exception	: yes
cpuid level	: 22
wp		: yes
flags		: fpu vme de pse tsc msr pae mce cx8 apic sep mtrr pge mca cmov pat pse36 clflush mmx fxsr sse sse2 ht syscall nx rdtscp lm constant_tsc rep_good nopl xtopology nonstop_tsc cpuid pni pclmulqdq ssse3 cx16 pcid sse4_1 sse4_2 x2apic movbe popcnt aes xsave avx rdrand hypervisor lahf_lm abm 3dnowprefetch invpcid_single pti fsgsbase avx2 invpcid rdseed clflushopt
bugs		: cpu_meltdown spectre_v1 spectre_v2 spec_store_bypass l1tf
bogomips	: 5616.00
clflush size	: 64
cache_alignment	: 64
address sizes	: 39 bits physical, 48 bits virtual
power management:

processor	: 2
vendor_id	: GenuineIntel
cpu family	: 6
model		: 158
model name	: Intel(R) Core(TM) i7-7700HQ CPU @ 2.80GHz
stepping	: 9
cpu MHz		: 2808.004
cache size	: 6144 KB
physical id	: 0
siblings	: 4
core id		: 2
cpu cores	: 4
apicid		: 2
initial apicid	: 2
fpu		: yes
fpu_exception	: yes
cpuid level	: 22
wp		: yes
flags		: fpu vme de pse tsc msr pae mce cx8 apic sep mtrr pge mca cmov pat pse36 clflush mmx fxsr sse sse2 ht syscall nx rdtscp lm constant_tsc rep_good nopl xtopology nonstop_tsc cpuid pni pclmulqdq ssse3 cx16 pcid sse4_1 sse4_2 x2apic movbe popcnt aes xsave avx rdrand hypervisor lahf_lm abm 3dnowprefetch invpcid_single pti fsgsbase avx2 invpcid rdseed clflushopt
bugs		: cpu_meltdown spectre_v1 spectre_v2 spec_store_bypass l1tf
bogomips	: 5616.00
clflush size	: 64
cache_alignment	: 64
address sizes	: 39 bits physical, 48 bits virtual
power management:

processor	: 3
vendor_id	: GenuineIntel
cpu family	: 6
model		: 158
model name	: Intel(R) Core(TM) i7-7700HQ CPU @ 2.80GHz
stepping	: 9
cpu MHz		: 2808.004
cache size	: 6144 KB
physical id	: 0
siblings	: 4
core id		: 3
cpu cores	: 4
apicid		: 3
initial apicid	: 3
fpu		: yes
fpu_exception	: yes
cpuid level	: 22
wp		: yes
flags		: fpu vme de pse tsc msr pae mce cx8 apic sep mtrr pge mca cmov pat pse36 clflush mmx fxsr sse sse2 ht syscall nx rdtscp lm constant_tsc rep_good nopl xtopology nonstop_tsc cpuid pni pclmulqdq ssse3 cx16 pcid sse4_1 sse4_2 x2apic movbe popcnt aes xsave avx rdrand hypervisor lahf_lm abm 3dnowprefetch invpcid_single pti fsgsbase avx2 invpcid rdseed clflushopt
bugs		: cpu_meltdown spectre_v1 spectre_v2 spec_store_bypass l1tf
bogomips	: 5616.00
clflush size	: 64
cache_alignment	: 64
address sizes	: 39 bits physical, 48 bits virtual
power management:



Memory: 4k page, physical 8167928k(2516576k free), swap 998396k(998396k free)

vm_info: Java HotSpot(TM) 64-Bit Server VM (25.201-b09) for linux-amd64 JRE (1.8.0_201-b09), built on Dec 15 2018 11:35:59 by "java_re" with gcc 7.3.0

time: Thu Apr 11 17:56:06 2019
timezone: +03
elapsed time: 87 seconds (0d 0h 1m 27s)

