#
# A fatal error has been detected by the Java Runtime Environment:
#
#  SIGSEGV (0xb) at pc=0x00007f7a9bdfc538, pid=14046, tid=0x00007f7a937fe700
#
# JRE version: Java(TM) SE Runtime Environment (8.0_201-b09) (build 1.8.0_201-b09)
# Java VM: Java HotSpot(TM) 64-Bit Server VM (25.201-b09 mixed mode linux-amd64 compressed oops)
# Problematic frame:
# C  0x00007f7a9bdfc538
#
# Failed to write core dump. Core dumps have been disabled. To enable core dumping, try "ulimit -c unlimited" before starting Java again
#
# If you would like to submit a bug report, please visit:
#   http://bugreport.java.com/bugreport/crash.jsp
#

---------------  T H R E A D  ---------------

Current thread is native thread

siginfo: si_signo: 11 (SIGSEGV), si_code: 2 (SEGV_ACCERR), si_addr: 0x00007f7a9bdfc538

Registers:
RAX=0x0000000000000000, RBX=0x00007f7aa0340e50, RCX=0x0000000020513140, RDX=0x00007f7ad6ecb350
RSP=0x00007f7a937fde88, RBP=0x00007f7aa0341798, RSI=0x0000000000000010, RDI=0x0000000020513140
R8 =0x00007f7aa0341798, R9 =0x0000000000000081, R10=0x0000000000000000, R11=0x0000000000000000
R12=0x0000000020513140, R13=0x0000000000000000, R14=0x0000000000000000, R15=0x00007f7aa0341880
RIP=0x00007f7a9bdfc538, EFLAGS=0x0000000000010206, CSGSFS=0x002b000000000033, ERR=0x0000000000000015
  TRAPNO=0x000000000000000e

Top of Stack: (sp=0x00007f7a937fde88)
0x00007f7a937fde88:   00007f7ad6ea7320 00007f7af0005d90
0x00007f7a937fde98:   0000000020513140 00007f7af0005d90
0x00007f7a937fdea8:   00007f7aa0340e50 00007f7aa0341760
0x00007f7a937fdeb8:   00007f7ad6eaf7ba 00007f7adc001080
0x00007f7a937fdec8:   00000001a0340e50 00007f7aa0341560
0x00007f7a937fded8:   00007f7aa0342ed0 00007f7aa0341520
0x00007f7a937fdee8:   00007f7aa0341560 00007f7aa0341100
0x00007f7a937fdef8:   00007f7ad6e7f1a0 00007f7adc001080
0x00007f7a937fdf08:   00007f7ad6e83925 0000000000000000
0x00007f7a937fdf18:   0000000000000000 0000000000000000
0x00007f7a937fdf28:   0000000000000000 00007f7ad418b18f
0x00007f7a937fdf38:   00007f7a937fe9c0 00007f7aa03411d0
0x00007f7a937fdf48:   00007f7ad6e83940 00007f7a937fe700
0x00007f7a937fdf58:   00007f7b3219a6ba 0000000000000000
0x00007f7a937fdf68:   00007f7a937fe700 00007f7a937fe700
0x00007f7a937fdf78:   ca45dafd5a881e6e 0000000000000000
0x00007f7a937fdf88:   00007f7ad418b18f 00007f7a937fe9c0
0x00007f7a937fdf98:   00007f7aa03411d0 34b0fc02e4481e6e
0x00007f7a937fdfa8:   34b3bece16721e6e 0000000000000000
0x00007f7a937fdfb8:   0000000000000000 0000000000000000
0x00007f7a937fdfc8:   0000000000000000 0000000000000000
0x00007f7a937fdfd8:   0000000000000000 0000000000000000
0x00007f7a937fdfe8:   0000000000000000 00007f7a937fe700
0x00007f7a937fdff8:   00007f7b31ab441d 0000000000000000
0x00007f7a937fe008:   0000000000000000 0000000000000000
0x00007f7a937fe018:   0000000000000000 0000000000000000
0x00007f7a937fe028:   0000000000000000 0000000000000000
0x00007f7a937fe038:   0000000000000000 0000000000000000
0x00007f7a937fe048:   0000000000000000 0000000000000000
0x00007f7a937fe058:   0000000000000000 0000000000000000
0x00007f7a937fe068:   0000000000000000 0000000000000000
0x00007f7a937fe078:   0000000000000000 0000000000000000 

Instructions: (pc=0x00007f7a9bdfc538)
0x00007f7a9bdfc518:   e0 73 23 9b 7b 7f 00 00 a8 82 c1 9a 7b 7f 00 00
0x00007f7a9bdfc528:   c8 80 c1 9a 7b 7f 00 00 00 c6 df 9b 7a 7f 00 00
0x00007f7a9bdfc538:   5f 71 40 31 7b 7f 00 00 50 1a 3b d6 7b 7f 00 00
0x00007f7a9bdfc548:   a8 2b 1f 9b 7b 7f 00 00 a8 c5 df 9b 7a 7f 00 00 

Register to memory mapping:

RAX=0x0000000000000000 is an unknown value
RBX=0x00007f7aa0340e50 is an unknown value
RCX=0x0000000020513140 is an unknown value
RDX=0x00007f7ad6ecb350: <offset 0x130350> in /usr/lib/libBS_SDK_V2.so at 0x00007f7ad6d9b000
RSP=0x00007f7a937fde88 is an unknown value
RBP=0x00007f7aa0341798 is an unknown value
RSI=0x0000000000000010 is an unknown value
RDI=0x0000000020513140 is an unknown value
R8 =0x00007f7aa0341798 is an unknown value
R9 =0x0000000000000081 is an unknown value
R10=0x0000000000000000 is an unknown value
R11=0x0000000000000000 is an unknown value
R12=0x0000000020513140 is an unknown value
R13=0x0000000000000000 is an unknown value
R14=0x0000000000000000 is an unknown value
R15=0x00007f7aa0341880 is an unknown value


Stack: [0x00007f7a92ffe000,0x00007f7a937ff000],  sp=0x00007f7a937fde88,  free space=8191k
Native frames: (J=compiled Java code, j=interpreted, Vv=VM code, C=native code)
C  0x00007f7a9bdfc538


---------------  P R O C E S S  ---------------

VM state:not at safepoint (normal execution)

VM Mutex/Monitor currently owned by a thread: None

heap address: 0x0000000083400000, size: 1996 MB, Compressed Oops mode: 32-bit
Narrow klass base: 0x0000000000000000, Narrow klass shift: 3
Compressed class space size: 1073741824 Address: 0x0000000100000000

Heap:
 PSYoungGen      total 400384K, used 46496K [0x00000000d6700000, 0x00000000f1c00000, 0x0000000100000000)
  eden space 382464K, 7% used [0x00000000d6700000,0x00000000d82eabb8,0x00000000edc80000)
  from space 17920K, 99% used [0x00000000f0a80000,0x00000000f1bfd4d8,0x00000000f1c00000)
  to   space 22016K, 0% used [0x00000000ef100000,0x00000000ef100000,0x00000000f0680000)
 ParOldGen       total 76288K, used 22603K [0x0000000083400000, 0x0000000087e80000, 0x00000000d6700000)
  object space 76288K, 29% used [0x0000000083400000,0x0000000084a12fe0,0x0000000087e80000)
 Metaspace       used 52013K, capacity 54151K, committed 54440K, reserved 1095680K
  class space    used 6815K, capacity 7272K, committed 7336K, reserved 1048576K

Card table byte_map: [0x00007f7b1bbf2000,0x00007f7b1bfd9000] byte_map_base: 0x00007f7b1b7d8000

Marking Bits: (ParMarkBitMap*) 0x00007f7b3198fd80
 Begin Bits: [0x00007f7b176f4000, 0x00007f7b19624000)
 End Bits:   [0x00007f7b19624000, 0x00007f7b1b554000)

Polling page: 0x00007f7b325d4000

CodeCache: size=245760Kb used=8961Kb max_used=8961Kb free=236798Kb
 bounds [0x00007f7b1c399000, 0x00007f7b1cc69000, 0x00007f7b2b399000]
 total_blobs=5317 nmethods=4633 adapters=596
 compilation: enabled

Compilation events (10 events):
Event: 484,272 Thread 0x00007f7b2c4de800 4728       1       java.util.TreeMap$KeySet::<init> (10 bytes)
Event: 484,272 Thread 0x00007f7b2c4de800 nmethod 4728 0x00007f7b1cc57dd0 code [0x00007f7b1cc57f20, 0x00007f7b1cc58050]
Event: 514,275 Thread 0x00007f7b2c4de800 4729   !   1       org.apache.catalina.core.ContainerBase::getRealmInternal (38 bytes)
Event: 514,277 Thread 0x00007f7b2c4de800 nmethod 4729 0x00007f7b1cc58090 code [0x00007f7b1cc58240, 0x00007f7b1cc58538]
Event: 514,278 Thread 0x00007f7b2c4de800 4730   !   1       org.apache.catalina.core.ContainerBase::getClusterInternal (38 bytes)
Event: 514,281 Thread 0x00007f7b2c4de800 nmethod 4730 0x00007f7b1cc58850 code [0x00007f7b1cc58a00, 0x00007f7b1cc58cf8]
Event: 524,276 Thread 0x00007f7b2c4de800 4732   !   1       org.apache.catalina.core.ContainerBase::backgroundProcess (168 bytes)
Event: 524,282 Thread 0x00007f7b2c4de800 nmethod 4732 0x00007f7b1cc59010 code [0x00007f7b1cc59260, 0x00007f7b1cc59aa8]
Event: 524,282 Thread 0x00007f7b2c4de800 4731   !   1       org.apache.catalina.core.ContainerBase$ContainerBackgroundProcessor::processChildren (191 bytes)
Event: 524,290 Thread 0x00007f7b2c4de800 nmethod 4731 0x00007f7b1cc5a110 code [0x00007f7b1cc5a3a0, 0x00007f7b1cc5af88]

GC Heap History (10 events):
Event: 3,455 GC heap before
{Heap before GC invocations=6 (full 1):
 PSYoungGen      total 136192K, used 131072K [0x00000000d6700000, 0x00000000df100000, 0x0000000100000000)
  eden space 131072K, 100% used [0x00000000d6700000,0x00000000de700000,0x00000000de700000)
  from space 5120K, 0% used [0x00000000dec00000,0x00000000dec00000,0x00000000df100000)
  to   space 5120K, 0% used [0x00000000de700000,0x00000000de700000,0x00000000dec00000)
 ParOldGen       total 48640K, used 5235K [0x0000000083400000, 0x0000000086380000, 0x00000000d6700000)
  object space 48640K, 10% used [0x0000000083400000,0x000000008391cdb0,0x0000000086380000)
 Metaspace       used 25505K, capacity 26392K, committed 26496K, reserved 1073152K
  class space    used 3407K, capacity 3633K, committed 3712K, reserved 1048576K
Event: 3,467 GC heap after
Heap after GC invocations=6 (full 1):
 PSYoungGen      total 136192K, used 5116K [0x00000000d6700000, 0x00000000e6280000, 0x0000000100000000)
  eden space 131072K, 0% used [0x00000000d6700000,0x00000000d6700000,0x00000000de700000)
  from space 5120K, 99% used [0x00000000de700000,0x00000000debff100,0x00000000dec00000)
  to   space 11264K, 0% used [0x00000000e5780000,0x00000000e5780000,0x00000000e6280000)
 ParOldGen       total 48640K, used 9460K [0x0000000083400000, 0x0000000086380000, 0x00000000d6700000)
  object space 48640K, 19% used [0x0000000083400000,0x0000000083d3d048,0x0000000086380000)
 Metaspace       used 25505K, capacity 26392K, committed 26496K, reserved 1073152K
  class space    used 3407K, capacity 3633K, committed 3712K, reserved 1048576K
}
Event: 4,509 GC heap before
{Heap before GC invocations=7 (full 1):
 PSYoungGen      total 136192K, used 136188K [0x00000000d6700000, 0x00000000e6280000, 0x0000000100000000)
  eden space 131072K, 100% used [0x00000000d6700000,0x00000000de700000,0x00000000de700000)
  from space 5120K, 99% used [0x00000000de700000,0x00000000debff100,0x00000000dec00000)
  to   space 11264K, 0% used [0x00000000e5780000,0x00000000e5780000,0x00000000e6280000)
 ParOldGen       total 48640K, used 9460K [0x0000000083400000, 0x0000000086380000, 0x00000000d6700000)
  object space 48640K, 19% used [0x0000000083400000,0x0000000083d3d048,0x0000000086380000)
 Metaspace       used 33229K, capacity 34606K, committed 34944K, reserved 1079296K
  class space    used 4398K, capacity 4696K, committed 4736K, reserved 1048576K
Event: 4,539 GC heap after
Heap after GC invocations=7 (full 1):
 PSYoungGen      total 240640K, used 11256K [0x00000000d6700000, 0x00000000e6980000, 0x0000000100000000)
  eden space 229376K, 0% used [0x00000000d6700000,0x00000000d6700000,0x00000000e4700000)
  from space 11264K, 99% used [0x00000000e5780000,0x00000000e627e2a8,0x00000000e6280000)
  to   space 16896K, 0% used [0x00000000e4700000,0x00000000e4700000,0x00000000e5780000)
 ParOldGen       total 48640K, used 16402K [0x0000000083400000, 0x0000000086380000, 0x00000000d6700000)
  object space 48640K, 33% used [0x0000000083400000,0x00000000844049f0,0x0000000086380000)
 Metaspace       used 33229K, capacity 34606K, committed 34944K, reserved 1079296K
  class space    used 4398K, capacity 4696K, committed 4736K, reserved 1048576K
}
Event: 4,604 GC heap before
{Heap before GC invocations=8 (full 1):
 PSYoungGen      total 240640K, used 20191K [0x00000000d6700000, 0x00000000e6980000, 0x0000000100000000)
  eden space 229376K, 3% used [0x00000000d6700000,0x00000000d6fb9c70,0x00000000e4700000)
  from space 11264K, 99% used [0x00000000e5780000,0x00000000e627e2a8,0x00000000e6280000)
  to   space 16896K, 0% used [0x00000000e4700000,0x00000000e4700000,0x00000000e5780000)
 ParOldGen       total 48640K, used 16402K [0x0000000083400000, 0x0000000086380000, 0x00000000d6700000)
  object space 48640K, 33% used [0x0000000083400000,0x00000000844049f0,0x0000000086380000)
 Metaspace       used 33997K, capacity 35374K, committed 35496K, reserved 1079296K
  class space    used 4491K, capacity 4760K, committed 4776K, reserved 1048576K
Event: 4,614 GC heap after
Heap after GC invocations=8 (full 1):
 PSYoungGen      total 246272K, used 12045K [0x00000000d6700000, 0x00000000f1c00000, 0x0000000100000000)
  eden space 229376K, 0% used [0x00000000d6700000,0x00000000d6700000,0x00000000e4700000)
  from space 16896K, 71% used [0x00000000e4700000,0x00000000e52c3540,0x00000000e5780000)
  to   space 17920K, 0% used [0x00000000f0a80000,0x00000000f0a80000,0x00000000f1c00000)
 ParOldGen       total 48640K, used 16410K [0x0000000083400000, 0x0000000086380000, 0x00000000d6700000)
  object space 48640K, 33% used [0x0000000083400000,0x00000000844069f0,0x0000000086380000)
 Metaspace       used 33997K, capacity 35374K, committed 35496K, reserved 1079296K
  class space    used 4491K, capacity 4760K, committed 4776K, reserved 1048576K
}
Event: 4,614 GC heap before
{Heap before GC invocations=9 (full 2):
 PSYoungGen      total 246272K, used 12045K [0x00000000d6700000, 0x00000000f1c00000, 0x0000000100000000)
  eden space 229376K, 0% used [0x00000000d6700000,0x00000000d6700000,0x00000000e4700000)
  from space 16896K, 71% used [0x00000000e4700000,0x00000000e52c3540,0x00000000e5780000)
  to   space 17920K, 0% used [0x00000000f0a80000,0x00000000f0a80000,0x00000000f1c00000)
 ParOldGen       total 48640K, used 16410K [0x0000000083400000, 0x0000000086380000, 0x00000000d6700000)
  object space 48640K, 33% used [0x0000000083400000,0x00000000844069f0,0x0000000086380000)
 Metaspace       used 33997K, capacity 35374K, committed 35496K, reserved 1079296K
  class space    used 4491K, capacity 4760K, committed 4776K, reserved 1048576K
Event: 4,705 GC heap after
Heap after GC invocations=9 (full 2):
 PSYoungGen      total 246272K, used 0K [0x00000000d6700000, 0x00000000f1c00000, 0x0000000100000000)
  eden space 229376K, 0% used [0x00000000d6700000,0x00000000d6700000,0x00000000e4700000)
  from space 16896K, 0% used [0x00000000e4700000,0x00000000e4700000,0x00000000e5780000)
  to   space 17920K, 0% used [0x00000000f0a80000,0x00000000f0a80000,0x00000000f1c00000)
 ParOldGen       total 76288K, used 18957K [0x0000000083400000, 0x0000000087e80000, 0x00000000d6700000)
  object space 76288K, 24% used [0x0000000083400000,0x0000000084683470,0x0000000087e80000)
 Metaspace       used 33997K, capacity 35374K, committed 35496K, reserved 1079296K
  class space    used 4491K, capacity 4760K, committed 4776K, reserved 1048576K
}
Event: 17,966 GC heap before
{Heap before GC invocations=10 (full 2):
 PSYoungGen      total 246272K, used 229376K [0x00000000d6700000, 0x00000000f1c00000, 0x0000000100000000)
  eden space 229376K, 100% used [0x00000000d6700000,0x00000000e4700000,0x00000000e4700000)
  from space 16896K, 0% used [0x00000000e4700000,0x00000000e4700000,0x00000000e5780000)
  to   space 17920K, 0% used [0x00000000f0a80000,0x00000000f0a80000,0x00000000f1c00000)
 ParOldGen       total 76288K, used 18957K [0x0000000083400000, 0x0000000087e80000, 0x00000000d6700000)
  object space 76288K, 24% used [0x0000000083400000,0x0000000084683470,0x0000000087e80000)
 Metaspace       used 50783K, capacity 52891K, committed 53032K, reserved 1095680K
  class space    used 6660K, capacity 7136K, committed 7208K, reserved 1048576K
Event: 17,990 GC heap after
Heap after GC invocations=10 (full 2):
 PSYoungGen      total 400384K, used 17909K [0x00000000d6700000, 0x00000000f1c00000, 0x0000000100000000)
  eden space 382464K, 0% used [0x00000000d6700000,0x00000000d6700000,0x00000000edc80000)
  from space 17920K, 99% used [0x00000000f0a80000,0x00000000f1bfd4d8,0x00000000f1c00000)
  to   space 22016K, 0% used [0x00000000ef100000,0x00000000ef100000,0x00000000f0680000)
 ParOldGen       total 76288K, used 22603K [0x0000000083400000, 0x0000000087e80000, 0x00000000d6700000)
  object space 76288K, 29% used [0x0000000083400000,0x0000000084a12fe0,0x0000000087e80000)
 Metaspace       used 50783K, capacity 52891K, committed 53032K, reserved 1095680K
  class space    used 6660K, capacity 7136K, committed 7208K, reserved 1048576K
}

Deoptimization events (0 events):
No events

Classes redefined (0 events):
No events

Internal exceptions (10 events):
Event: 6,811 Thread 0x00007f7b2c00f800 Exception <a 'java/lang/ClassNotFoundException': org/springframework/context/ApplicationContextAwareCustomizer> (0x00000000e1c67ac0) thrown at [/HUDSON/workspace/8-2-build-linux-amd64/jdk8u201/12317/hotspot/src/share/vm/classfile/systemDictionary.cpp, lin
Event: 6,811 Thread 0x00007f7b2c00f800 Exception <a 'java/lang/ClassNotFoundException': org/springframework/beans/factory/AwareCustomizer> (0x00000000e1c7b5b8) thrown at [/HUDSON/workspace/8-2-build-linux-amd64/jdk8u201/12317/hotspot/src/share/vm/classfile/systemDictionary.cpp, line 210]
Event: 6,812 Thread 0x00007f7b2c00f800 Exception <a 'java/lang/ClassNotFoundException': org/springframework/context/ApplicationListenerCustomizer> (0x00000000e1c8f978) thrown at [/HUDSON/workspace/8-2-build-linux-amd64/jdk8u201/12317/hotspot/src/share/vm/classfile/systemDictionary.cpp, line 21
Event: 6,812 Thread 0x00007f7b2c00f800 Exception <a 'java/lang/ArrayIndexOutOfBoundsException'> (0x00000000e1c902d0) thrown at [/HUDSON/workspace/8-2-build-linux-amd64/jdk8u201/12317/hotspot/src/share/vm/runtime/sharedRuntime.cpp, line 605]
Event: 6,812 Thread 0x00007f7b2c00f800 Exception <a 'java/lang/ClassNotFoundException': java/util/EventListenerCustomizer> (0x00000000e1c98410) thrown at [/HUDSON/workspace/8-2-build-linux-amd64/jdk8u201/12317/hotspot/src/share/vm/classfile/systemDictionary.cpp, line 210]
Event: 6,812 Thread 0x00007f7b2c00f800 Exception <a 'java/lang/ClassNotFoundException': org/springframework/beans/factory/InitializingBeanCustomizer> (0x00000000e1cad5d0) thrown at [/HUDSON/workspace/8-2-build-linux-amd64/jdk8u201/12317/hotspot/src/share/vm/classfile/systemDictionary.cpp, line
Event: 6,876 Thread 0x00007f7b2c00f800 Exception <a 'java/lang/ArrayIndexOutOfBoundsException'> (0x00000000e21b0280) thrown at [/HUDSON/workspace/8-2-build-linux-amd64/jdk8u201/12317/hotspot/src/share/vm/runtime/sharedRuntime.cpp, line 605]
Event: 6,885 Thread 0x00007f7b2c00f800 Exception <a 'java/lang/ArrayIndexOutOfBoundsException'> (0x00000000e227bd28) thrown at [/HUDSON/workspace/8-2-build-linux-amd64/jdk8u201/12317/hotspot/src/share/vm/runtime/sharedRuntime.cpp, line 605]
Event: 18,001 Thread 0x00007f7b2d09f000 Exception <a 'java/lang/ArrayIndexOutOfBoundsException'> (0x00000000d682eb08) thrown at [/HUDSON/workspace/8-2-build-linux-amd64/jdk8u201/12317/hotspot/src/share/vm/runtime/sharedRuntime.cpp, line 605]
Event: 51,986 Thread 0x00007f7b2d0a0000 Exception <a 'java/lang/ArrayIndexOutOfBoundsException'> (0x00000000d73dc808) thrown at [/HUDSON/workspace/8-2-build-linux-amd64/jdk8u201/12317/hotspot/src/share/vm/runtime/sharedRuntime.cpp, line 605]

Events (10 events):
Event: 132,766 Thread 0x00007f7b2c4de800 flushing nmethod 0x00007f7b1cb48850
Event: 132,766 Thread 0x00007f7b2c4de800 flushing nmethod 0x00007f7b1cb4bc90
Event: 132,766 Thread 0x00007f7b2c4de800 flushing nmethod 0x00007f7b1cb4f850
Event: 132,766 Thread 0x00007f7b2c4de800 flushing nmethod 0x00007f7b1cb51450
Event: 132,767 Executing VM operation: RevokeBias
Event: 132,767 Executing VM operation: RevokeBias done
Event: 132,767 Thread 0x00007f7b2c4de800 flushing nmethod 0x00007f7b1cbbf150
Event: 132,767 Executing VM operation: RevokeBias
Event: 132,769 Executing VM operation: RevokeBias done
Event: 132,769 Thread 0x00007f7b2c4de800 flushing nmethod 0x00007f7b1cbcfe50


Dynamic libraries:
00400000-00401000 r-xp 00000000 08:01 4327409                            /usr/lib/jvm/java-8-oracle/bin/java
00600000-00601000 r--p 00000000 08:01 4327409                            /usr/lib/jvm/java-8-oracle/bin/java
00601000-00602000 rw-p 00001000 08:01 4327409                            /usr/lib/jvm/java-8-oracle/bin/java
00af1000-00b42000 rw-p 00000000 00:00 0                                  [heap]
83400000-87e80000 rw-p 00000000 00:00 0 
87e80000-d6700000 ---p 00000000 00:00 0 
d6700000-f1c00000 rw-p 00000000 00:00 0 
f1c00000-100000000 ---p 00000000 00:00 0 
100000000-10072a000 rw-p 00000000 00:00 0 
10072a000-140000000 ---p 00000000 00:00 0 
7f7a83ff0000-7f7a83ff1000 ---p 00000000 00:00 0 
7f7a83ff1000-7f7a847f1000 rw-p 00000000 00:00 0 
7f7a847f1000-7f7a847f2000 ---p 00000000 00:00 0 
7f7a847f2000-7f7a84ff2000 rw-p 00000000 00:00 0 
7f7a84ff2000-7f7a84ff3000 ---p 00000000 00:00 0 
7f7a84ff3000-7f7a857f3000 rw-p 00000000 00:00 0 
7f7a857f3000-7f7a857f6000 ---p 00000000 00:00 0 
7f7a857f6000-7f7a85ff4000 rw-p 00000000 00:00 0 
7f7a85ff4000-7f7a85ff5000 ---p 00000000 00:00 0 
7f7a85ff5000-7f7a867f5000 rw-p 00000000 00:00 0 
7f7a867f5000-7f7a867f6000 ---p 00000000 00:00 0 
7f7a867f6000-7f7a86ff6000 rw-p 00000000 00:00 0 
7f7a86ff6000-7f7a86ff7000 ---p 00000000 00:00 0 
7f7a86ff7000-7f7a877f7000 rw-p 00000000 00:00 0 
7f7a877f7000-7f7a877f8000 ---p 00000000 00:00 0 
7f7a877f8000-7f7a87ff8000 rw-p 00000000 00:00 0 
7f7a87ff8000-7f7a87ff9000 ---p 00000000 00:00 0 
7f7a87ff9000-7f7a887f9000 rw-p 00000000 00:00 0 
7f7a887f9000-7f7a887fa000 ---p 00000000 00:00 0 
7f7a887fa000-7f7a88ffa000 rw-p 00000000 00:00 0 
7f7a88ffa000-7f7a88ffb000 ---p 00000000 00:00 0 
7f7a88ffb000-7f7a897fb000 rw-p 00000000 00:00 0 
7f7a897fb000-7f7a897fc000 ---p 00000000 00:00 0 
7f7a897fc000-7f7a89ffc000 rw-p 00000000 00:00 0 
7f7a89ffc000-7f7a89fff000 ---p 00000000 00:00 0 
7f7a89fff000-7f7a8a7fd000 rw-p 00000000 00:00 0 
7f7a8a7fd000-7f7a8a7fe000 ---p 00000000 00:00 0 
7f7a8a7fe000-7f7a8affe000 rw-p 00000000 00:00 0 
7f7a8affe000-7f7a8afff000 ---p 00000000 00:00 0 
7f7a8afff000-7f7a8b7ff000 rw-p 00000000 00:00 0 
7f7a8b7ff000-7f7a8b800000 ---p 00000000 00:00 0 
7f7a8b800000-7f7a8c000000 rw-p 00000000 00:00 0 
7f7a8c000000-7f7a8c042000 rw-p 00000000 00:00 0 
7f7a8c042000-7f7a90000000 ---p 00000000 00:00 0 
7f7a907f9000-7f7a907fa000 ---p 00000000 00:00 0 
7f7a907fa000-7f7a90ffa000 rw-p 00000000 00:00 0 
7f7a90ffa000-7f7a90ffb000 ---p 00000000 00:00 0 
7f7a90ffb000-7f7a917fb000 rw-p 00000000 00:00 0 
7f7a917fb000-7f7a917fc000 ---p 00000000 00:00 0 
7f7a917fc000-7f7a91ffc000 rw-p 00000000 00:00 0 
7f7a91ffc000-7f7a91ffd000 ---p 00000000 00:00 0 
7f7a91ffd000-7f7a927fd000 rw-p 00000000 00:00 0 
7f7a927fd000-7f7a927fe000 ---p 00000000 00:00 0 
7f7a927fe000-7f7a92ffe000 rw-p 00000000 00:00 0 
7f7a92ffe000-7f7a92fff000 ---p 00000000 00:00 0 
7f7a92fff000-7f7a937ff000 rw-p 00000000 00:00 0 
7f7a937ff000-7f7a93800000 ---p 00000000 00:00 0 
7f7a93800000-7f7a94000000 rw-p 00000000 00:00 0 
7f7a94000000-7f7a9414e000 rw-p 00000000 00:00 0 
7f7a9414e000-7f7a98000000 ---p 00000000 00:00 0 
7f7a982ec000-7f7a982ed000 ---p 00000000 00:00 0 
7f7a982ed000-7f7a98aed000 rw-p 00000000 00:00 0 
7f7a98aed000-7f7a98aee000 ---p 00000000 00:00 0 
7f7a98aee000-7f7a992ee000 rw-p 00000000 00:00 0 
7f7a992ee000-7f7a992ef000 ---p 00000000 00:00 0 
7f7a992ef000-7f7a99aef000 rw-p 00000000 00:00 0 
7f7a99aef000-7f7a99af0000 ---p 00000000 00:00 0 
7f7a99af0000-7f7a9a2f0000 rw-p 00000000 00:00 0 
7f7a9a2f0000-7f7a9a2f1000 ---p 00000000 00:00 0 
7f7a9a2f1000-7f7a9acf1000 rw-p 00000000 00:00 0 
7f7a9acf1000-7f7a9acf4000 ---p 00000000 00:00 0 
7f7a9acf4000-7f7a9adf2000 rw-p 00000000 00:00 0 
7f7a9adf2000-7f7a9adf5000 ---p 00000000 00:00 0 
7f7a9adf5000-7f7a9aef3000 rw-p 00000000 00:00 0 
7f7a9aef3000-7f7a9aef6000 ---p 00000000 00:00 0 
7f7a9aef6000-7f7a9aff4000 rw-p 00000000 00:00 0 
7f7a9aff4000-7f7a9aff7000 ---p 00000000 00:00 0 
7f7a9aff7000-7f7a9b2f5000 rw-p 00000000 00:00 0 
7f7a9b2f5000-7f7a9b2f8000 ---p 00000000 00:00 0 
7f7a9b2f8000-7f7a9b3f6000 rw-p 00000000 00:00 0 
7f7a9b3f6000-7f7a9b3f9000 ---p 00000000 00:00 0 
7f7a9b3f9000-7f7a9b4f7000 rw-p 00000000 00:00 0 
7f7a9b4f7000-7f7a9b4fa000 ---p 00000000 00:00 0 
7f7a9b4fa000-7f7a9b5f8000 rw-p 00000000 00:00 0 
7f7a9b5f8000-7f7a9b5fb000 ---p 00000000 00:00 0 
7f7a9b5fb000-7f7a9b6f9000 rw-p 00000000 00:00 0 
7f7a9b6f9000-7f7a9b6fc000 ---p 00000000 00:00 0 
7f7a9b6fc000-7f7a9b7fa000 rw-p 00000000 00:00 0 
7f7a9b7fa000-7f7a9b7fd000 ---p 00000000 00:00 0 
7f7a9b7fd000-7f7a9b8fb000 rw-p 00000000 00:00 0 
7f7a9b8fb000-7f7a9b8fe000 ---p 00000000 00:00 0 
7f7a9b8fe000-7f7a9b9fc000 rw-p 00000000 00:00 0 
7f7a9b9fc000-7f7a9b9ff000 ---p 00000000 00:00 0 
7f7a9b9ff000-7f7a9bafd000 rw-p 00000000 00:00 0 
7f7a9bafd000-7f7a9bb00000 ---p 00000000 00:00 0 
7f7a9bb00000-7f7a9bbfe000 rw-p 00000000 00:00 0 
7f7a9bbfe000-7f7a9bc01000 ---p 00000000 00:00 0 
7f7a9bc01000-7f7a9bcff000 rw-p 00000000 00:00 0 
7f7a9bcff000-7f7a9bd02000 ---p 00000000 00:00 0 
7f7a9bd02000-7f7a9c000000 rw-p 00000000 00:00 0 
7f7a9c000000-7f7a9c021000 rw-p 00000000 00:00 0 
7f7a9c021000-7f7aa0000000 ---p 00000000 00:00 0 
7f7aa0000000-7f7aa034d000 rw-p 00000000 00:00 0 
7f7aa034d000-7f7aa4000000 ---p 00000000 00:00 0 
7f7aa4000000-7f7aa4021000 rw-p 00000000 00:00 0 
7f7aa4021000-7f7aa8000000 ---p 00000000 00:00 0 
7f7aa8000000-7f7aa8021000 rw-p 00000000 00:00 0 
7f7aa8021000-7f7aac000000 ---p 00000000 00:00 0 
7f7aac000000-7f7aac021000 rw-p 00000000 00:00 0 
7f7aac021000-7f7ab0000000 ---p 00000000 00:00 0 
7f7ab0000000-7f7ab00b8000 rw-p 00000000 00:00 0 
7f7ab00b8000-7f7ab4000000 ---p 00000000 00:00 0 
7f7ab4000000-7f7ab4021000 rw-p 00000000 00:00 0 
7f7ab4021000-7f7ab8000000 ---p 00000000 00:00 0 
7f7ab8000000-7f7ab8080000 rw-p 00000000 00:00 0 
7f7ab8080000-7f7abc000000 ---p 00000000 00:00 0 
7f7abc000000-7f7abc035000 rw-p 00000000 00:00 0 
7f7abc035000-7f7ac0000000 ---p 00000000 00:00 0 
7f7ac0000000-7f7ac0021000 rw-p 00000000 00:00 0 
7f7ac0021000-7f7ac4000000 ---p 00000000 00:00 0 
7f7ac4000000-7f7ac4021000 rw-p 00000000 00:00 0 
7f7ac4021000-7f7ac8000000 ---p 00000000 00:00 0 
7f7ac8000000-7f7ac8021000 rw-p 00000000 00:00 0 
7f7ac8021000-7f7acc000000 ---p 00000000 00:00 0 
7f7acc000000-7f7acc31f000 rw-p 00000000 00:00 0 
7f7acc31f000-7f7ad0000000 ---p 00000000 00:00 0 
7f7ad0000000-7f7ad0021000 rw-p 00000000 00:00 0 
7f7ad0021000-7f7ad4000000 ---p 00000000 00:00 0 
7f7ad408e000-7f7ad4091000 ---p 00000000 00:00 0 
7f7ad4091000-7f7ad438f000 rw-p 00000000 00:00 0 
7f7ad438f000-7f7ad458f000 rw-p 00000000 00:00 0 
7f7ad458f000-7f7ad478f000 rw-p 00000000 00:00 0 
7f7ad478f000-7f7ad4792000 ---p 00000000 00:00 0 
7f7ad4792000-7f7ad4890000 rw-p 00000000 00:00 0 
7f7ad4890000-7f7ad4893000 ---p 00000000 00:00 0 
7f7ad4893000-7f7ad4b91000 rw-p 00000000 00:00 0 
7f7ad4b91000-7f7ad4d91000 rw-p 00000000 00:00 0 
7f7ad4d91000-7f7ad4d94000 ---p 00000000 00:00 0 
7f7ad4d94000-7f7ad4e92000 rw-p 00000000 00:00 0 
7f7ad4e92000-7f7ad4e95000 ---p 00000000 00:00 0 
7f7ad4e95000-7f7ad4f93000 rw-p 00000000 00:00 0 
7f7ad4f93000-7f7ad4f96000 ---p 00000000 00:00 0 
7f7ad4f96000-7f7ad5294000 rw-p 00000000 00:00 0 
7f7ad5294000-7f7ad5297000 ---p 00000000 00:00 0 
7f7ad5297000-7f7ad5595000 rw-p 00000000 00:00 0 
7f7ad5595000-7f7ad5795000 rw-p 00000000 00:00 0 
7f7ad5795000-7f7ad5995000 rw-p 00000000 00:00 0 
7f7ad5995000-7f7ad5b95000 rw-p 00000000 00:00 0 
7f7ad5b95000-7f7ad5b98000 ---p 00000000 00:00 0 
7f7ad5b98000-7f7ad5e96000 rw-p 00000000 00:00 0 
7f7ad5e96000-7f7ad6096000 rw-p 00000000 00:00 0 
7f7ad6096000-7f7ad6296000 rw-p 00000000 00:00 0 
7f7ad6296000-7f7ad6299000 ---p 00000000 00:00 0 
7f7ad6299000-7f7ad6597000 rw-p 00000000 00:00 0 
7f7ad6597000-7f7ad659a000 ---p 00000000 00:00 0 
7f7ad659a000-7f7ad6698000 rw-p 00000000 00:00 0 
7f7ad6698000-7f7ad669b000 ---p 00000000 00:00 0 
7f7ad669b000-7f7ad6999000 rw-p 00000000 00:00 0 
7f7ad6999000-7f7ad699c000 ---p 00000000 00:00 0 
7f7ad699c000-7f7ad6a9a000 rw-p 00000000 00:00 0 
7f7ad6a9a000-7f7ad6a9d000 ---p 00000000 00:00 0 
7f7ad6a9d000-7f7ad6d9b000 rw-p 00000000 00:00 0 
7f7ad6d9b000-7f7ad6f08000 r-xp 00000000 08:01 4197091                    /usr/lib/libBS_SDK_V2.so
7f7ad6f08000-7f7ad7108000 ---p 0016d000 08:01 4197091                    /usr/lib/libBS_SDK_V2.so
7f7ad7108000-7f7ad7114000 r--p 0016d000 08:01 4197091                    /usr/lib/libBS_SDK_V2.so
7f7ad7114000-7f7ad7115000 rw-p 00179000 08:01 4197091                    /usr/lib/libBS_SDK_V2.so
7f7ad7115000-7f7ad8000000 rw-p 00000000 00:00 0 
7f7ad8000000-7f7ad8021000 rw-p 00000000 00:00 0 
7f7ad8021000-7f7adc000000 ---p 00000000 00:00 0 
7f7adc000000-7f7adc037000 rw-p 00000000 00:00 0 
7f7adc037000-7f7ae0000000 ---p 00000000 00:00 0 
7f7ae0000000-7f7ae0021000 rw-p 00000000 00:00 0 
7f7ae0021000-7f7ae4000000 ---p 00000000 00:00 0 
7f7ae4000000-7f7ae483c000 rw-p 00000000 00:00 0 
7f7ae483c000-7f7ae8000000 ---p 00000000 00:00 0 
7f7ae8000000-7f7ae8056000 rw-p 00000000 00:00 0 
7f7ae8056000-7f7aec000000 ---p 00000000 00:00 0 
7f7aec044000-7f7aec060000 r--s 00393000 08:01 4459398                    /usr/lib/jvm/java-8-oracle/jre/lib/ext/cldrdata.jar
7f7aec060000-7f7aec063000 ---p 00000000 00:00 0 
7f7aec063000-7f7aec161000 rw-p 00000000 00:00 0 
7f7aec161000-7f7aec177000 r-xp 00000000 08:01 267310                     /lib/x86_64-linux-gnu/libgcc_s.so.1
7f7aec177000-7f7aec376000 ---p 00016000 08:01 267310                     /lib/x86_64-linux-gnu/libgcc_s.so.1
7f7aec376000-7f7aec377000 rw-p 00015000 08:01 267310                     /lib/x86_64-linux-gnu/libgcc_s.so.1
7f7aec377000-7f7aec4e9000 r-xp 00000000 08:01 4204243                    /usr/lib/x86_64-linux-gnu/libstdc++.so.6.0.21
7f7aec4e9000-7f7aec6e9000 ---p 00172000 08:01 4204243                    /usr/lib/x86_64-linux-gnu/libstdc++.so.6.0.21
7f7aec6e9000-7f7aec6f3000 r--p 00172000 08:01 4204243                    /usr/lib/x86_64-linux-gnu/libstdc++.so.6.0.21
7f7aec6f3000-7f7aec6f5000 rw-p 0017c000 08:01 4204243                    /usr/lib/x86_64-linux-gnu/libstdc++.so.6.0.21
7f7aec6f5000-7f7aec6f9000 rw-p 00000000 00:00 0 
7f7aec6f9000-7f7aec7e0000 r-xp 00000000 08:01 4197092                    /usr/lib/libBS_SDK_V2_wrap.so
7f7aec7e0000-7f7aec9df000 ---p 000e7000 08:01 4197092                    /usr/lib/libBS_SDK_V2_wrap.so
7f7aec9df000-7f7aec9e0000 r--p 000e6000 08:01 4197092                    /usr/lib/libBS_SDK_V2_wrap.so
7f7aec9e0000-7f7aec9e1000 rw-p 000e7000 08:01 4197092                    /usr/lib/libBS_SDK_V2_wrap.so
7f7aec9e1000-7f7aec9e2000 ---p 00000000 00:00 0 
7f7aec9e2000-7f7aecae2000 rw-p 00000000 00:00 0 
7f7aecae2000-7f7aecae5000 ---p 00000000 00:00 0 
7f7aecae5000-7f7aecbe3000 rw-p 00000000 00:00 0 
7f7aecbe3000-7f7aecbf4000 r-xp 00000000 08:01 4463115                    /usr/lib/jvm/java-8-oracle/jre/lib/amd64/libnio.so
7f7aecbf4000-7f7aecdf3000 ---p 00011000 08:01 4463115                    /usr/lib/jvm/java-8-oracle/jre/lib/amd64/libnio.so
7f7aecdf3000-7f7aecdf4000 r--p 00010000 08:01 4463115                    /usr/lib/jvm/java-8-oracle/jre/lib/amd64/libnio.so
7f7aecdf4000-7f7aecdf5000 rw-p 00011000 08:01 4463115                    /usr/lib/jvm/java-8-oracle/jre/lib/amd64/libnio.so
7f7aecdf5000-7f7aecdfe000 r-xp 00000000 08:01 4463120                    /usr/lib/jvm/java-8-oracle/jre/lib/amd64/libmanagement.so
7f7aecdfe000-7f7aecffd000 ---p 00009000 08:01 4463120                    /usr/lib/jvm/java-8-oracle/jre/lib/amd64/libmanagement.so
7f7aecffd000-7f7aecffe000 r--p 00008000 08:01 4463120                    /usr/lib/jvm/java-8-oracle/jre/lib/amd64/libmanagement.so
7f7aecffe000-7f7aecfff000 rw-p 00009000 08:01 4463120                    /usr/lib/jvm/java-8-oracle/jre/lib/amd64/libmanagement.so
7f7aecfff000-7f7af0000000 rw-p 00000000 00:00 0 
7f7af0000000-7f7af0021000 rw-p 00000000 00:00 0 
7f7af0021000-7f7af4000000 ---p 00000000 00:00 0 
7f7af4000000-7f7af4029000 rw-p 00000000 00:00 0 
7f7af4029000-7f7af8000000 ---p 00000000 00:00 0 
7f7af8000000-7f7af8021000 rw-p 00000000 00:00 0 
7f7af8021000-7f7afc000000 ---p 00000000 00:00 0 
7f7afc000000-7f7afc021000 rw-p 00000000 00:00 0 
7f7afc021000-7f7b00000000 ---p 00000000 00:00 0 
7f7b00000000-7f7b00021000 rw-p 00000000 00:00 0 
7f7b00021000-7f7b04000000 ---p 00000000 00:00 0 
7f7b04000000-7f7b04032000 rw-p 00000000 00:00 0 
7f7b04032000-7f7b08000000 ---p 00000000 00:00 0 
7f7b08000000-7f7b08021000 rw-p 00000000 00:00 0 
7f7b08021000-7f7b0c000000 ---p 00000000 00:00 0 
7f7b0c000000-7f7b0c021000 rw-p 00000000 00:00 0 
7f7b0c021000-7f7b10000000 ---p 00000000 00:00 0 
7f7b10000000-7f7b10021000 rw-p 00000000 00:00 0 
7f7b10021000-7f7b14000000 ---p 00000000 00:00 0 
7f7b14008000-7f7b1400b000 r--s 0001a000 08:01 4333744                    /usr/lib/jvm/java-8-oracle/jre/lib/jce.jar
7f7b1400b000-7f7b14010000 r--s 002f9000 08:01 4333731                    /usr/lib/jvm/java-8-oracle/jre/lib/charsets.jar
7f7b14010000-7f7b1401a000 r--s 00116000 08:01 4459926                    /usr/lib/jvm/java-8-oracle/jre/lib/ext/localedata.jar
7f7b1401a000-7f7b140b0000 r--s 0110e000 08:01 4459426                    /usr/lib/jvm/java-8-oracle/jre/lib/ext/jfxrt.jar
7f7b140b0000-7f7b140b4000 r--s 000a1000 08:01 4333738                    /usr/lib/jvm/java-8-oracle/jre/lib/jsse.jar
7f7b140b4000-7f7b140b7000 ---p 00000000 00:00 0 
7f7b140b7000-7f7b141b5000 rw-p 00000000 00:00 0 
7f7b141b5000-7f7b141b8000 ---p 00000000 00:00 0 
7f7b141b8000-7f7b142b6000 rw-p 00000000 00:00 0 
7f7b142b6000-7f7b142b9000 ---p 00000000 00:00 0 
7f7b142b9000-7f7b143b7000 rw-p 00000000 00:00 0 
7f7b143b7000-7f7b143cd000 r-xp 00000000 08:01 4463112                    /usr/lib/jvm/java-8-oracle/jre/lib/amd64/libnet.so
7f7b143cd000-7f7b145cd000 ---p 00016000 08:01 4463112                    /usr/lib/jvm/java-8-oracle/jre/lib/amd64/libnet.so
7f7b145cd000-7f7b145ce000 r--p 00016000 08:01 4463112                    /usr/lib/jvm/java-8-oracle/jre/lib/amd64/libnet.so
7f7b145ce000-7f7b145cf000 rw-p 00017000 08:01 4463112                    /usr/lib/jvm/java-8-oracle/jre/lib/amd64/libnet.so
7f7b145cf000-7f7b145d2000 ---p 00000000 00:00 0 
7f7b145d2000-7f7b146d0000 rw-p 00000000 00:00 0 
7f7b146d0000-7f7b146d3000 ---p 00000000 00:00 0 
7f7b146d3000-7f7b147d1000 rw-p 00000000 00:00 0 
7f7b147d1000-7f7b147d3000 r--s 0001b000 08:01 1836394                    /home/meyer/Downloads/idea-IU-191.6183.87/lib/idea_rt.jar
7f7b147d3000-7f7b147ea000 r--s 0018d000 08:01 2359340                    /home/meyer/.m2/repository/org/projectlombok/lombok/1.18.6/lombok-1.18.6.jar
7f7b147ea000-7f7b147eb000 r--s 00004000 08:01 2359342                    /home/meyer/.m2/repository/org/springframework/plugin/spring-plugin-core/1.2.0.RELEASE/spring-plugin-core-1.2.0.RELEASE.jar
7f7b147eb000-7f7b147f0000 r--s 0002f000 08:01 2232296                    /home/meyer/.m2/repository/org/springframework/hateoas/spring-hateoas/0.25.1.RELEASE/spring-hateoas-0.25.1.RELEASE.jar
7f7b147f0000-7f7b147f1000 r--s 00000000 08:01 2232294                    /home/meyer/.m2/repository/org/springframework/boot/spring-boot-starter-hateoas/2.1.4.RELEASE/spring-boot-starter-hateoas-2.1.4.RELEASE.jar
7f7b147f1000-7f7b147f2000 r--s 00005000 08:01 2233094                    /home/meyer/.m2/repository/org/springframework/spring-jcl/5.1.6.RELEASE/spring-jcl-5.1.6.RELEASE.jar
7f7b147f2000-7f7b1480a000 r--s 00124000 08:01 2232967                    /home/meyer/.m2/repository/org/springframework/spring-core/5.1.6.RELEASE/spring-core-5.1.6.RELEASE.jar
7f7b1480a000-7f7b14839000 r--s 002e7000 08:01 2232970                    /home/meyer/.m2/repository/org/apache/derby/derby/10.14.2.0/derby-10.14.2.0.jar
7f7b14839000-7f7b1483e000 r--s 00040000 08:01 2233035                    /home/meyer/.m2/repository/org/springframework/spring-expression/5.1.6.RELEASE/spring-expression-5.1.6.RELEASE.jar
7f7b1483e000-7f7b1484d000 r--s 000b5000 08:01 2233041                    /home/meyer/.m2/repository/org/springframework/spring-webmvc/5.1.6.RELEASE/spring-webmvc-5.1.6.RELEASE.jar
7f7b1484d000-7f7b14869000 r--s 00137000 08:01 2232977                    /home/meyer/.m2/repository/org/springframework/spring-web/5.1.6.RELEASE/spring-web-5.1.6.RELEASE.jar
7f7b14869000-7f7b1486e000 r--s 00012000 08:01 2233051                    /home/meyer/.m2/repository/javax/validation/validation-api/2.0.1.Final/validation-api-2.0.1.Final.jar
7f7b1486e000-7f7b1488b000 r--s 000fe000 08:01 2233026                    /home/meyer/.m2/repository/org/hibernate/validator/hibernate-validator/6.0.16.Final/hibernate-validator-6.0.16.Final.jar
7f7b1488b000-7f7b14890000 r--s 0003c000 08:01 2233033                    /home/meyer/.m2/repository/org/apache/tomcat/embed/tomcat-embed-websocket/9.0.17/tomcat-embed-websocket-9.0.17.jar
7f7b14890000-7f7b14895000 r--s 00039000 08:01 2233058                    /home/meyer/.m2/repository/org/apache/tomcat/embed/tomcat-embed-el/9.0.17/tomcat-embed-el-9.0.17.jar
7f7b14895000-7f7b148bf000 r--s 002f9000 08:01 2233057                    /home/meyer/.m2/repository/org/apache/tomcat/embed/tomcat-embed-core/9.0.17/tomcat-embed-core-9.0.17.jar
7f7b148bf000-7f7b148c0000 r--s 00000000 08:01 2233054                    /home/meyer/.m2/repository/org/springframework/boot/spring-boot-starter-tomcat/2.1.4.RELEASE/spring-boot-starter-tomcat-2.1.4.RELEASE.jar
7f7b148c0000-7f7b148c2000 r--s 00001000 08:01 2232984                    /home/meyer/.m2/repository/com/fasterxml/jackson/module/jackson-module-parameter-names/2.9.8/jackson-module-parameter-names-2.9.8.jar
7f7b148c2000-7f7b148c5000 r--s 00016000 08:01 2233037                    /home/meyer/.m2/repository/com/fasterxml/jackson/datatype/jackson-datatype-jsr310/2.9.8/jackson-datatype-jsr310-2.9.8.jar
7f7b148c5000-7f7b148c7000 r--s 00007000 08:01 2233046                    /home/meyer/.m2/repository/com/fasterxml/jackson/datatype/jackson-datatype-jdk8/2.9.8/jackson-datatype-jdk8-2.9.8.jar
7f7b148c7000-7f7b148cb000 r--s 0004c000 08:01 2233045                    /home/meyer/.m2/repository/com/fasterxml/jackson/core/jackson-core/2.9.8/jackson-core-2.9.8.jar
7f7b148cb000-7f7b148ce000 r--s 0000e000 08:01 2233021                    /home/meyer/.m2/repository/com/fasterxml/jackson/core/jackson-annotations/2.9.0/jackson-annotations-2.9.0.jar
7f7b148ce000-7f7b148e0000 r--s 00137000 08:01 2233042                    /home/meyer/.m2/repository/com/fasterxml/jackson/core/jackson-databind/2.9.8/jackson-databind-2.9.8.jar
7f7b148e0000-7f7b148e1000 r--s 00000000 08:01 2233038                    /home/meyer/.m2/repository/org/springframework/boot/spring-boot-starter-json/2.1.4.RELEASE/spring-boot-starter-json-2.1.4.RELEASE.jar
7f7b148e1000-7f7b148e8000 r--s 00043000 08:01 2233036                    /home/meyer/.m2/repository/org/yaml/snakeyaml/1.23/snakeyaml-1.23.jar
7f7b148e8000-7f7b148ea000 r--s 00005000 08:01 2233020                    /home/meyer/.m2/repository/javax/annotation/javax.annotation-api/1.3.2/javax.annotation-api-1.3.2.jar
7f7b148ea000-7f7b148ec000 r--s 00000000 08:01 2233030                    /home/meyer/.m2/repository/org/slf4j/jul-to-slf4j/1.7.26/jul-to-slf4j-1.7.26.jar
7f7b148ec000-7f7b148f2000 r--s 0003c000 08:01 2233029                    /home/meyer/.m2/repository/org/apache/logging/log4j/log4j-api/2.11.2/log4j-api-2.11.2.jar
7f7b148f2000-7f7b148f4000 r--s 00003000 08:01 2233015                    /home/meyer/.m2/repository/org/apache/logging/log4j/log4j-to-slf4j/2.11.2/log4j-to-slf4j-2.11.2.jar
7f7b148f4000-7f7b148ff000 r--s 00069000 08:01 2232981                    /home/meyer/.m2/repository/ch/qos/logback/logback-core/1.2.3/logback-core-1.2.3.jar
7f7b148ff000-7f7b14905000 r--s 00041000 08:01 2233027                    /home/meyer/.m2/repository/ch/qos/logback/logback-classic/1.2.3/logback-classic-1.2.3.jar
7f7b14905000-7f7b14906000 r--s 00000000 08:01 2232992                    /home/meyer/.m2/repository/org/springframework/boot/spring-boot-starter-logging/2.1.4.RELEASE/spring-boot-starter-logging-2.1.4.RELEASE.jar
7f7b14906000-7f7b1492a000 r--s 00111000 08:01 2233077                    /home/meyer/.m2/repository/org/springframework/boot/spring-boot-autoconfigure/2.1.4.RELEASE/spring-boot-autoconfigure-2.1.4.RELEASE.jar
7f7b1492a000-7f7b1493f000 r--s 000d4000 08:01 2233075                    /home/meyer/.m2/repository/org/springframework/boot/spring-boot/2.1.4.RELEASE/spring-boot-2.1.4.RELEASE.jar
7f7b1493f000-7f7b14940000 r--s 00000000 08:01 2233040                    /home/meyer/.m2/repository/org/springframework/boot/spring-boot-starter/2.1.4.RELEASE/spring-boot-starter-2.1.4.RELEASE.jar
7f7b14940000-7f7b14941000 r--s 00000000 08:01 2232987                    /home/meyer/.m2/repository/org/springframework/boot/spring-boot-starter-web/2.1.4.RELEASE/spring-boot-starter-web-2.1.4.RELEASE.jar
7f7b14941000-7f7b14943000 r--s 0000a000 08:01 2232982                    /home/meyer/.m2/repository/org/springframework/spring-aspects/5.1.6.RELEASE/spring-aspects-5.1.6.RELEASE.jar
7f7b14943000-7f7b14945000 r--s 00009000 08:01 2102873                    /home/meyer/.m2/repository/org/slf4j/slf4j-api/1.7.26/slf4j-api-1.7.26.jar
7f7b14945000-7f7b14952000 r--s 00098000 08:01 2233034                    /home/meyer/.m2/repository/org/springframework/spring-beans/5.1.6.RELEASE/spring-beans-5.1.6.RELEASE.jar
7f7b14952000-7f7b1495a000 r--s 00037000 08:01 2232988                    /home/meyer/.m2/repository/org/springframework/spring-tx/5.1.6.RELEASE/spring-tx-5.1.6.RELEASE.jar
7f7b1495a000-7f7b14974000 r--s 000f3000 08:01 2233071                    /home/meyer/.m2/repository/org/springframework/spring-context/5.1.6.RELEASE/spring-context-5.1.6.RELEASE.jar
7f7b14974000-7f7b14978000 r--s 0002d000 08:01 2232960                    /home/meyer/.m2/repository/org/springframework/spring-orm/5.1.6.RELEASE/spring-orm-5.1.6.RELEASE.jar
7f7b14978000-7f7b14990000 r--s 00106000 08:01 2232986                    /home/meyer/.m2/repository/org/springframework/data/spring-data-commons/2.1.6.RELEASE/spring-data-commons-2.1.6.RELEASE.jar
7f7b14990000-7f7b14998000 r--s 0004f000 08:01 2233004                    /home/meyer/.m2/repository/org/springframework/data/spring-data-jpa/2.1.6.RELEASE/spring-data-jpa-2.1.6.RELEASE.jar
7f7b14998000-7f7b1499b000 r--s 00010000 08:01 2232964                    /home/meyer/.m2/repository/org/hibernate/common/hibernate-commons-annotations/5.0.4.Final/hibernate-commons-annotations-5.0.4.Final.jar
7f7b1499b000-7f7b149a0000 r--s 0004b000 08:01 2232999                    /home/meyer/.m2/repository/org/dom4j/dom4j/2.1.1/dom4j-2.1.1.jar
7f7b149a0000-7f7b149a2000 r--s 0000f000 08:01 2233064                    /home/meyer/.m2/repository/com/fasterxml/classmate/1.4.0/classmate-1.4.0.jar
7f7b149a2000-7f7b149a5000 r--s 0002b000 08:01 2232972                    /home/meyer/.m2/repository/org/jboss/jandex/2.0.5.Final/jandex-2.0.5.Final.jar
7f7b149a5000-7f7b149aa000 r--s 00068000 08:01 2102869                    /home/meyer/.m2/repository/antlr/antlr/2.7.7/antlr-2.7.7.jar
7f7b149aa000-7f7b149f1000 r--s 002da000 08:01 2233084                    /home/meyer/.m2/repository/net/bytebuddy/byte-buddy/1.9.12/byte-buddy-1.9.12.jar
7f7b149f1000-7f7b149fc000 r--s 000b2000 08:01 2232990                    /home/meyer/.m2/repository/org/javassist/javassist/3.23.1-GA/javassist-3.23.1-GA.jar
7f7b149fc000-7f7b14a02000 r--s 00023000 08:01 2232989                    /home/meyer/.m2/repository/javax/persistence/javax.persistence-api/2.2/javax.persistence-api-2.2.jar
7f7b14a02000-7f7b14a04000 r--s 0000f000 08:01 2233063                    /home/meyer/.m2/repository/org/jboss/logging/jboss-logging/3.3.2.Final/jboss-logging-3.3.2.Final.jar
7f7b14a04000-7f7b14a87000 r--s 00626000 08:01 2232985                    /home/meyer/.m2/repository/org/hibernate/hibernate-core/5.3.9.Final/hibernate-core-5.3.9.Final.jar
7f7b14a87000-7f7b14a89000 r--s 0000c000 08:01 2232996                    /home/meyer/.m2/repository/javax/activation/javax.activation-api/1.2.0/javax.activation-api-1.2.0.jar
7f7b14a89000-7f7b14a8d000 r--s 0001c000 08:01 2232980                    /home/meyer/.m2/repository/javax/xml/bind/jaxb-api/2.3.1/jaxb-api-2.3.1.jar
7f7b14a8d000-7f7b14a90000 ---p 00000000 00:00 0 
7f7b14a90000-7f7b14b8e000 rw-p 00000000 00:00 0 
7f7b14b8e000-7f7b156ac000 r--p 00000000 08:01 4201871                    /usr/lib/locale/locale-archive
7f7b156ac000-7f7b156af000 ---p 00000000 00:00 0 
7f7b156af000-7f7b157ad000 rw-p 00000000 00:00 0 
7f7b157ad000-7f7b157b0000 ---p 00000000 00:00 0 
7f7b157b0000-7f7b158ae000 rw-p 00000000 00:00 0 
7f7b158ae000-7f7b158af000 ---p 00000000 00:00 0 
7f7b158af000-7f7b168be000 rw-p 00000000 00:00 0 
7f7b168be000-7f7b16a98000 r--s 03d6f000 08:01 4333733                    /usr/lib/jvm/java-8-oracle/jre/lib/rt.jar
7f7b16a98000-7f7b1b554000 rw-p 00000000 00:00 0 
7f7b1b554000-7f7b1b555000 ---p 00000000 00:00 0 
7f7b1b555000-7f7b1b655000 rw-p 00000000 00:00 0 
7f7b1b655000-7f7b1b656000 ---p 00000000 00:00 0 
7f7b1b656000-7f7b1b756000 rw-p 00000000 00:00 0 
7f7b1b756000-7f7b1b757000 ---p 00000000 00:00 0 
7f7b1b757000-7f7b1b857000 rw-p 00000000 00:00 0 
7f7b1b857000-7f7b1b858000 ---p 00000000 00:00 0 
7f7b1b858000-7f7b1b97e000 rw-p 00000000 00:00 0 
7f7b1b97e000-7f7b1bbf2000 ---p 00000000 00:00 0 
7f7b1bbf2000-7f7b1bc18000 rw-p 00000000 00:00 0 
7f7b1bc18000-7f7b1be8b000 ---p 00000000 00:00 0 
7f7b1be8b000-7f7b1bf66000 rw-p 00000000 00:00 0 
7f7b1bf66000-7f7b1bfd8000 ---p 00000000 00:00 0 
7f7b1bfd8000-7f7b1bffd000 rw-p 00000000 00:00 0 
7f7b1bffd000-7f7b1c399000 ---p 00000000 00:00 0 
7f7b1c399000-7f7b1cc69000 rwxp 00000000 00:00 0 
7f7b1cc69000-7f7b2b399000 ---p 00000000 00:00 0 
7f7b2b399000-7f7b2b3b4000 r-xp 00000000 08:01 4463108                    /usr/lib/jvm/java-8-oracle/jre/lib/amd64/libzip.so
7f7b2b3b4000-7f7b2b5b3000 ---p 0001b000 08:01 4463108                    /usr/lib/jvm/java-8-oracle/jre/lib/amd64/libzip.so
7f7b2b5b3000-7f7b2b5b4000 r--p 0001a000 08:01 4463108                    /usr/lib/jvm/java-8-oracle/jre/lib/amd64/libzip.so
7f7b2b5b4000-7f7b2b5b5000 rw-p 0001b000 08:01 4463108                    /usr/lib/jvm/java-8-oracle/jre/lib/amd64/libzip.so
7f7b2b5b5000-7f7b2b5c0000 r-xp 00000000 08:01 267371                     /lib/x86_64-linux-gnu/libnss_files-2.23.so
7f7b2b5c0000-7f7b2b7bf000 ---p 0000b000 08:01 267371                     /lib/x86_64-linux-gnu/libnss_files-2.23.so
7f7b2b7bf000-7f7b2b7c0000 r--p 0000a000 08:01 267371                     /lib/x86_64-linux-gnu/libnss_files-2.23.so
7f7b2b7c0000-7f7b2b7c1000 rw-p 0000b000 08:01 267371                     /lib/x86_64-linux-gnu/libnss_files-2.23.so
7f7b2b7c1000-7f7b2b7c7000 rw-p 00000000 00:00 0 
7f7b2b7c7000-7f7b2b7d2000 r-xp 00000000 08:01 267381                     /lib/x86_64-linux-gnu/libnss_nis-2.23.so
7f7b2b7d2000-7f7b2b9d1000 ---p 0000b000 08:01 267381                     /lib/x86_64-linux-gnu/libnss_nis-2.23.so
7f7b2b9d1000-7f7b2b9d2000 r--p 0000a000 08:01 267381                     /lib/x86_64-linux-gnu/libnss_nis-2.23.so
7f7b2b9d2000-7f7b2b9d3000 rw-p 0000b000 08:01 267381                     /lib/x86_64-linux-gnu/libnss_nis-2.23.so
7f7b2b9d3000-7f7b2b9e9000 r-xp 00000000 08:01 267365                     /lib/x86_64-linux-gnu/libnsl-2.23.so
7f7b2b9e9000-7f7b2bbe8000 ---p 00016000 08:01 267365                     /lib/x86_64-linux-gnu/libnsl-2.23.so
7f7b2bbe8000-7f7b2bbe9000 r--p 00015000 08:01 267365                     /lib/x86_64-linux-gnu/libnsl-2.23.so
7f7b2bbe9000-7f7b2bbea000 rw-p 00016000 08:01 267365                     /lib/x86_64-linux-gnu/libnsl-2.23.so
7f7b2bbea000-7f7b2bbec000 rw-p 00000000 00:00 0 
7f7b2bbec000-7f7b2bbf4000 r-xp 00000000 08:01 267367                     /lib/x86_64-linux-gnu/libnss_compat-2.23.so
7f7b2bbf4000-7f7b2bdf3000 ---p 00008000 08:01 267367                     /lib/x86_64-linux-gnu/libnss_compat-2.23.so
7f7b2bdf3000-7f7b2bdf4000 r--p 00007000 08:01 267367                     /lib/x86_64-linux-gnu/libnss_compat-2.23.so
7f7b2bdf4000-7f7b2bdf5000 rw-p 00008000 08:01 267367                     /lib/x86_64-linux-gnu/libnss_compat-2.23.so
7f7b2bdf5000-7f7b2bdff000 r-xp 00000000 08:01 4463117                    /usr/lib/jvm/java-8-oracle/jre/lib/amd64/libinstrument.so
7f7b2bdff000-7f7b2bffe000 ---p 0000a000 08:01 4463117                    /usr/lib/jvm/java-8-oracle/jre/lib/amd64/libinstrument.so
7f7b2bffe000-7f7b2bfff000 r--p 00009000 08:01 4463117                    /usr/lib/jvm/java-8-oracle/jre/lib/amd64/libinstrument.so
7f7b2bfff000-7f7b2c000000 rw-p 0000a000 08:01 4463117                    /usr/lib/jvm/java-8-oracle/jre/lib/amd64/libinstrument.so
7f7b2c000000-7f7b2d1a8000 rw-p 00000000 00:00 0 
7f7b2d1a8000-7f7b30000000 ---p 00000000 00:00 0 
7f7b30000000-7f7b30009000 r--s 0005a000 08:01 2233006                    /home/meyer/.m2/repository/org/springframework/spring-jdbc/5.1.6.RELEASE/spring-jdbc-5.1.6.RELEASE.jar
7f7b30009000-7f7b3000d000 r--s 00020000 08:01 2232963                    /home/meyer/.m2/repository/com/zaxxer/HikariCP/3.2.0/HikariCP-3.2.0.jar
7f7b3000d000-7f7b30026000 r--s 001de000 08:01 2233014                    /home/meyer/.m2/repository/org/aspectj/aspectjweaver/1.9.2/aspectjweaver-1.9.2.jar
7f7b30026000-7f7b30030000 r--s 00051000 08:01 2232958                    /home/meyer/.m2/repository/org/springframework/spring-aop/5.1.6.RELEASE/spring-aop-5.1.6.RELEASE.jar
7f7b30030000-7f7b30043000 r--s 00345000 08:01 4333737                    /usr/lib/jvm/java-8-oracle/jre/lib/resources.jar
7f7b30043000-7f7b30056000 r--s 000d6000 08:01 4333718                    /usr/lib/jvm/java-8-oracle/jre/lib/plugin.jar
7f7b30056000-7f7b3005a000 r--s 000a1000 08:01 4333738                    /usr/lib/jvm/java-8-oracle/jre/lib/jsse.jar
7f7b3005a000-7f7b30075000 r--s 0020c000 08:01 4333705                    /usr/lib/jvm/java-8-oracle/jre/lib/deploy.jar
7f7b30075000-7f7b300a1000 r-xp 00000000 08:01 4463102                    /usr/lib/jvm/java-8-oracle/jre/lib/amd64/libjava.so
7f7b300a1000-7f7b302a1000 ---p 0002c000 08:01 4463102                    /usr/lib/jvm/java-8-oracle/jre/lib/amd64/libjava.so
7f7b302a1000-7f7b302a2000 r--p 0002c000 08:01 4463102                    /usr/lib/jvm/java-8-oracle/jre/lib/amd64/libjava.so
7f7b302a2000-7f7b302a4000 rw-p 0002d000 08:01 4463102                    /usr/lib/jvm/java-8-oracle/jre/lib/amd64/libjava.so
7f7b302a4000-7f7b302b1000 r-xp 00000000 08:01 4463107                    /usr/lib/jvm/java-8-oracle/jre/lib/amd64/libverify.so
7f7b302b1000-7f7b304b0000 ---p 0000d000 08:01 4463107                    /usr/lib/jvm/java-8-oracle/jre/lib/amd64/libverify.so
7f7b304b0000-7f7b304b2000 r--p 0000c000 08:01 4463107                    /usr/lib/jvm/java-8-oracle/jre/lib/amd64/libverify.so
7f7b304b2000-7f7b304b3000 rw-p 0000e000 08:01 4463107                    /usr/lib/jvm/java-8-oracle/jre/lib/amd64/libverify.so
7f7b304b3000-7f7b304ba000 r-xp 00000000 08:01 267426                     /lib/x86_64-linux-gnu/librt-2.23.so
7f7b304ba000-7f7b306b9000 ---p 00007000 08:01 267426                     /lib/x86_64-linux-gnu/librt-2.23.so
7f7b306b9000-7f7b306ba000 r--p 00006000 08:01 267426                     /lib/x86_64-linux-gnu/librt-2.23.so
7f7b306ba000-7f7b306bb000 rw-p 00007000 08:01 267426                     /lib/x86_64-linux-gnu/librt-2.23.so
7f7b306bb000-7f7b307c3000 r-xp 00000000 08:01 267342                     /lib/x86_64-linux-gnu/libm-2.23.so
7f7b307c3000-7f7b309c2000 ---p 00108000 08:01 267342                     /lib/x86_64-linux-gnu/libm-2.23.so
7f7b309c2000-7f7b309c3000 r--p 00107000 08:01 267342                     /lib/x86_64-linux-gnu/libm-2.23.so
7f7b309c3000-7f7b309c4000 rw-p 00108000 08:01 267342                     /lib/x86_64-linux-gnu/libm-2.23.so
7f7b309c4000-7f7b316ac000 r-xp 00000000 08:01 4463084                    /usr/lib/jvm/java-8-oracle/jre/lib/amd64/server/libjvm.so
7f7b316ac000-7f7b318ab000 ---p 00ce8000 08:01 4463084                    /usr/lib/jvm/java-8-oracle/jre/lib/amd64/server/libjvm.so
7f7b318ab000-7f7b31941000 r--p 00ce7000 08:01 4463084                    /usr/lib/jvm/java-8-oracle/jre/lib/amd64/server/libjvm.so
7f7b31941000-7f7b31972000 rw-p 00d7d000 08:01 4463084                    /usr/lib/jvm/java-8-oracle/jre/lib/amd64/server/libjvm.so
7f7b31972000-7f7b319ad000 rw-p 00000000 00:00 0 
7f7b319ad000-7f7b31b6d000 r-xp 00000000 08:01 267272                     /lib/x86_64-linux-gnu/libc-2.23.so
7f7b31b6d000-7f7b31d6d000 ---p 001c0000 08:01 267272                     /lib/x86_64-linux-gnu/libc-2.23.so
7f7b31d6d000-7f7b31d71000 r--p 001c0000 08:01 267272                     /lib/x86_64-linux-gnu/libc-2.23.so
7f7b31d71000-7f7b31d73000 rw-p 001c4000 08:01 267272                     /lib/x86_64-linux-gnu/libc-2.23.so
7f7b31d73000-7f7b31d77000 rw-p 00000000 00:00 0 
7f7b31d77000-7f7b31d7a000 r-xp 00000000 08:01 267296                     /lib/x86_64-linux-gnu/libdl-2.23.so
7f7b31d7a000-7f7b31f79000 ---p 00003000 08:01 267296                     /lib/x86_64-linux-gnu/libdl-2.23.so
7f7b31f79000-7f7b31f7a000 r--p 00002000 08:01 267296                     /lib/x86_64-linux-gnu/libdl-2.23.so
7f7b31f7a000-7f7b31f7b000 rw-p 00003000 08:01 267296                     /lib/x86_64-linux-gnu/libdl-2.23.so
7f7b31f7b000-7f7b31f92000 r-xp 00000000 08:01 4333654                    /usr/lib/jvm/java-8-oracle/lib/amd64/jli/libjli.so
7f7b31f92000-7f7b32191000 ---p 00017000 08:01 4333654                    /usr/lib/jvm/java-8-oracle/lib/amd64/jli/libjli.so
7f7b32191000-7f7b32192000 r--p 00016000 08:01 4333654                    /usr/lib/jvm/java-8-oracle/lib/amd64/jli/libjli.so
7f7b32192000-7f7b32193000 rw-p 00017000 08:01 4333654                    /usr/lib/jvm/java-8-oracle/lib/amd64/jli/libjli.so
7f7b32193000-7f7b321ab000 r-xp 00000000 08:01 267418                     /lib/x86_64-linux-gnu/libpthread-2.23.so
7f7b321ab000-7f7b323aa000 ---p 00018000 08:01 267418                     /lib/x86_64-linux-gnu/libpthread-2.23.so
7f7b323aa000-7f7b323ab000 r--p 00017000 08:01 267418                     /lib/x86_64-linux-gnu/libpthread-2.23.so
7f7b323ab000-7f7b323ac000 rw-p 00018000 08:01 267418                     /lib/x86_64-linux-gnu/libpthread-2.23.so
7f7b323ac000-7f7b323b0000 rw-p 00000000 00:00 0 
7f7b323b0000-7f7b323d6000 r-xp 00000000 08:01 267244                     /lib/x86_64-linux-gnu/ld-2.23.so
7f7b323d6000-7f7b323d7000 r--s 00006000 08:01 2232978                    /home/meyer/.m2/repository/javax/transaction/javax.transaction-api/1.3/javax.transaction-api-1.3.jar
7f7b323d7000-7f7b323d8000 r--s 00000000 08:01 2232968                    /home/meyer/.m2/repository/org/springframework/boot/spring-boot-starter-jdbc/2.1.4.RELEASE/spring-boot-starter-jdbc-2.1.4.RELEASE.jar
7f7b323d8000-7f7b323d9000 r--s 00000000 08:01 2232956                    /home/meyer/.m2/repository/org/springframework/boot/spring-boot-starter-aop/2.1.4.RELEASE/spring-boot-starter-aop-2.1.4.RELEASE.jar
7f7b323d9000-7f7b323de000 r--s 00084000 08:01 4333704                    /usr/lib/jvm/java-8-oracle/jre/lib/jfr.jar
7f7b323de000-7f7b323e8000 r--s 0006e000 08:01 4333714                    /usr/lib/jvm/java-8-oracle/jre/lib/javaws.jar
7f7b323e8000-7f7b324b9000 rw-p 00000000 00:00 0 
7f7b324b9000-7f7b324bc000 ---p 00000000 00:00 0 
7f7b324bc000-7f7b325bf000 rw-p 00000000 00:00 0 
7f7b325bf000-7f7b325c0000 r--s 00000000 08:01 2232962                    /home/meyer/.m2/repository/org/springframework/boot/spring-boot-starter-data-jpa/2.1.4.RELEASE/spring-boot-starter-data-jpa-2.1.4.RELEASE.jar
7f7b325c0000-7f7b325c1000 r--s 00000000 08:01 4333711                    /usr/lib/jvm/java-8-oracle/jre/lib/management-agent.jar
7f7b325c1000-7f7b325c3000 r--s 00007000 08:01 4333746                    /usr/lib/jvm/java-8-oracle/jre/lib/jfxswt.jar
7f7b325c3000-7f7b325c6000 r--s 0001a000 08:01 4333744                    /usr/lib/jvm/java-8-oracle/jre/lib/jce.jar
7f7b325c6000-7f7b325cb000 r--s 002f9000 08:01 4333731                    /usr/lib/jvm/java-8-oracle/jre/lib/charsets.jar
7f7b325cb000-7f7b325d3000 rw-s 00000000 08:01 3407911                    /tmp/hsperfdata_meyer/14046
7f7b325d3000-7f7b325d4000 rw-p 00000000 00:00 0 
7f7b325d4000-7f7b325d5000 r--p 00000000 00:00 0 
7f7b325d5000-7f7b325d6000 r--p 00025000 08:01 267244                     /lib/x86_64-linux-gnu/ld-2.23.so
7f7b325d6000-7f7b325d7000 rw-p 00026000 08:01 267244                     /lib/x86_64-linux-gnu/ld-2.23.so
7f7b325d7000-7f7b325d8000 rw-p 00000000 00:00 0 
7ffebbcea000-7ffebbd0d000 rw-p 00000000 00:00 0                          [stack]
7ffebbd93000-7ffebbd96000 r--p 00000000 00:00 0                          [vvar]
7ffebbd96000-7ffebbd98000 r-xp 00000000 00:00 0                          [vdso]
ffffffffff600000-ffffffffff601000 r-xp 00000000 00:00 0                  [vsyscall]

VM Arguments:
jvm_args: -XX:TieredStopAtLevel=1 -Xverify:none -Dspring.output.ansi.enabled=always -Dcom.sun.management.jmxremote -Dspring.liveBeansView.mbeanDomain -Dspring.application.admin.enabled=true -javaagent:/home/meyer/Downloads/idea-IU-191.6183.87/lib/idea_rt.jar=45523:/home/meyer/Downloads/idea-IU-191.6183.87/bin -Dfile.encoding=UTF-8 
java_command: com.suprema.idenfit.demo.DemoApplication
java_class_path (initial): /usr/lib/jvm/java-8-oracle/jre/lib/charsets.jar:/usr/lib/jvm/java-8-oracle/jre/lib/deploy.jar:/usr/lib/jvm/java-8-oracle/jre/lib/ext/cldrdata.jar:/usr/lib/jvm/java-8-oracle/jre/lib/ext/dnsns.jar:/usr/lib/jvm/java-8-oracle/jre/lib/ext/jaccess.jar:/usr/lib/jvm/java-8-oracle/jre/lib/ext/jfxrt.jar:/usr/lib/jvm/java-8-oracle/jre/lib/ext/localedata.jar:/usr/lib/jvm/java-8-oracle/jre/lib/ext/nashorn.jar:/usr/lib/jvm/java-8-oracle/jre/lib/ext/sunec.jar:/usr/lib/jvm/java-8-oracle/jre/lib/ext/sunjce_provider.jar:/usr/lib/jvm/java-8-oracle/jre/lib/ext/sunpkcs11.jar:/usr/lib/jvm/java-8-oracle/jre/lib/ext/zipfs.jar:/usr/lib/jvm/java-8-oracle/jre/lib/javaws.jar:/usr/lib/jvm/java-8-oracle/jre/lib/jce.jar:/usr/lib/jvm/java-8-oracle/jre/lib/jfr.jar:/usr/lib/jvm/java-8-oracle/jre/lib/jfxswt.jar:/usr/lib/jvm/java-8-oracle/jre/lib/jsse.jar:/usr/lib/jvm/java-8-oracle/jre/lib/management-agent.jar:/usr/lib/jvm/java-8-oracle/jre/lib/plugin.jar:/usr/lib/jvm/java-8-oracle/jre/lib/resources.jar:/usr/lib/jvm/java-8-oracle/jre/lib/rt.jar:/home/meyer/IdeaProjects/demo/target/classes:/home/meyer/.m2/repository/org/springframework/boot/spring-boot-starter-data-jpa/2.1.4.RELEASE/spring-boot-starter-data-jpa-2.1.4.RELEASE.jar:/home/meyer/.m2/repository/org/springframework/boot/spring-boot-starter-aop/2.1.4.RELEASE/spring-boot-starter-aop-2.1.4.RELEASE.jar:/home/meyer/.m2/repository/org/springframework/spring-aop/5.1.6.RELEASE/spring-aop-5.1.6.RELEASE.jar:/home/meyer/.m2/repository/org/aspectj/aspectjweaver/1.9.2/aspectjweaver-1.9.2.jar:/home/meyer/.m2/repository/org/springframework/boot/spring-boot-starter-jdbc/2.1.4.RELEASE/spring-boot-starter-jdbc-2.1.4.RELEASE.jar:/home/meyer/.m2/repository/com/zaxxer/HikariCP/3.2.0/HikariCP-3.2.0.jar:/home/meyer/.m2/repository/org/springframework/spring-jdbc/5.1.6.RELEASE/spring-jdbc-5.1.6.RELEASE.jar:/home/meyer/.m2/repository/javax/transaction/javax.transaction-api/1.3/javax.transaction-api-1.3.jar:/home/meyer/.m2/repository/javax/
Launcher Type: SUN_STANDARD

Environment Variables:
JAVA_HOME=/usr/lib/jvm/java-8-oracle
PATH=/home/meyer/bin:/home/meyer/.local/bin:/usr/local/sbin:/usr/local/bin:/usr/sbin:/usr/bin:/sbin:/bin:/usr/games:/usr/local/games:/snap/bin:/usr/lib/jvm/java-8-oracle/bin:/usr/lib/jvm/java-8-oracle/db/bin:/usr/lib/jvm/java-8-oracle/jre/bin
SHELL=/bin/bash
DISPLAY=:0

Signal Handlers:
SIGSEGV: [libjvm.so+0xad3e60], sa_mask[0]=11111111011111111101111111111110, sa_flags=SA_RESTART|SA_SIGINFO
SIGBUS: [libjvm.so+0xad3e60], sa_mask[0]=11111111011111111101111111111110, sa_flags=SA_RESTART|SA_SIGINFO
SIGFPE: [libjvm.so+0x90b880], sa_mask[0]=11111111011111111101111111111110, sa_flags=SA_RESTART|SA_SIGINFO
SIGPIPE: [libjvm.so+0x90b880], sa_mask[0]=11111111011111111101111111111110, sa_flags=SA_RESTART|SA_SIGINFO
SIGXFSZ: [libjvm.so+0x90b880], sa_mask[0]=11111111011111111101111111111110, sa_flags=SA_RESTART|SA_SIGINFO
SIGILL: [libjvm.so+0x90b880], sa_mask[0]=11111111011111111101111111111110, sa_flags=SA_RESTART|SA_SIGINFO
SIGUSR1: SIG_DFL, sa_mask[0]=00000000000000000000000000000000, sa_flags=none
SIGUSR2: [libjvm.so+0x90b750], sa_mask[0]=00100000000000000000000000000000, sa_flags=SA_RESTART|SA_SIGINFO
SIGHUP: SIG_IGN, sa_mask[0]=00000000000000000000000000000000, sa_flags=none
SIGINT: [libjvm.so+0x90bd70], sa_mask[0]=11111111011111111101111111111110, sa_flags=SA_RESTART|SA_SIGINFO
SIGTERM: [libjvm.so+0x90bd70], sa_mask[0]=11111111011111111101111111111110, sa_flags=SA_RESTART|SA_SIGINFO
SIGQUIT: [libjvm.so+0x90bd70], sa_mask[0]=11111111011111111101111111111110, sa_flags=SA_RESTART|SA_SIGINFO


---------------  S Y S T E M  ---------------

OS:DISTRIB_ID=Ubuntu
DISTRIB_RELEASE=16.04
DISTRIB_CODENAME=xenial
DISTRIB_DESCRIPTION="Ubuntu 16.04.6 LTS"

uname:Linux 4.15.0-45-generic #48~16.04.1-Ubuntu SMP Tue Jan 29 18:03:48 UTC 2019 x86_64
libc:glibc 2.23 NPTL 2.23 
rlimit: STACK 8192k, CORE 0k, NPROC 31673, NOFILE 1048576, AS infinity
load average:0,39 0,76 0,68

/proc/meminfo:
MemTotal:        8167928 kB
MemFree:         2203756 kB
MemAvailable:    4247544 kB
Buffers:          101380 kB
Cached:          2186940 kB
SwapCached:            0 kB
Active:          4659900 kB
Inactive:        1041484 kB
Active(anon):    3414524 kB
Inactive(anon):    81752 kB
Active(file):    1245376 kB
Inactive(file):   959732 kB
Unevictable:          48 kB
Mlocked:              48 kB
SwapTotal:        998396 kB
SwapFree:         998396 kB
Dirty:               688 kB
Writeback:             0 kB
AnonPages:       3413204 kB
Mapped:           407848 kB
Shmem:             83216 kB
Slab:             151720 kB
SReclaimable:     116252 kB
SUnreclaim:        35468 kB
KernelStack:       12480 kB
PageTables:        42684 kB
NFS_Unstable:          0 kB
Bounce:                0 kB
WritebackTmp:          0 kB
CommitLimit:     5082360 kB
Committed_AS:    8089560 kB
VmallocTotal:   34359738367 kB
VmallocUsed:           0 kB
VmallocChunk:          0 kB
HardwareCorrupted:     0 kB
AnonHugePages:         0 kB
ShmemHugePages:        0 kB
ShmemPmdMapped:        0 kB
CmaTotal:              0 kB
CmaFree:               0 kB
HugePages_Total:       0
HugePages_Free:        0
HugePages_Rsvd:        0
HugePages_Surp:        0
Hugepagesize:       2048 kB
DirectMap4k:      118720 kB
DirectMap2M:     8269824 kB

container (cgroup) information:
container_type: cgroupv1
cpu_cpuset_cpus: 0-3
cpu_memory_nodes: 0
active_processor_count: 4
cpu_quota: -1
cpu_period: 100000
cpu_shares: -1
memory_limit_in_bytes: -1
memory_and_swap_limit_in_bytes: -2
memory_soft_limit_in_bytes: -1
memory_usage_in_bytes: 5838450688
memory_max_usage_in_bytes: 0


CPU:total 4 (initial active 4) (4 cores per cpu, 1 threads per core) family 6 model 158 stepping 9, cmov, cx8, fxsr, mmx, sse, sse2, sse3, ssse3, sse4.1, sse4.2, popcnt, avx, avx2, aes, clmul, 3dnowpref, lzcnt, tsc, tscinvbit

/proc/cpuinfo:
processor	: 0
vendor_id	: GenuineIntel
cpu family	: 6
model		: 158
model name	: Intel(R) Core(TM) i7-7700HQ CPU @ 2.80GHz
stepping	: 9
cpu MHz		: 2808.004
cache size	: 6144 KB
physical id	: 0
siblings	: 4
core id		: 0
cpu cores	: 4
apicid		: 0
initial apicid	: 0
fpu		: yes
fpu_exception	: yes
cpuid level	: 22
wp		: yes
flags		: fpu vme de pse tsc msr pae mce cx8 apic sep mtrr pge mca cmov pat pse36 clflush mmx fxsr sse sse2 ht syscall nx rdtscp lm constant_tsc rep_good nopl xtopology nonstop_tsc cpuid pni pclmulqdq ssse3 cx16 pcid sse4_1 sse4_2 x2apic movbe popcnt aes xsave avx rdrand hypervisor lahf_lm abm 3dnowprefetch invpcid_single pti fsgsbase avx2 invpcid rdseed clflushopt
bugs		: cpu_meltdown spectre_v1 spectre_v2 spec_store_bypass l1tf
bogomips	: 5616.00
clflush size	: 64
cache_alignment	: 64
address sizes	: 39 bits physical, 48 bits virtual
power management:

processor	: 1
vendor_id	: GenuineIntel
cpu family	: 6
model		: 158
model name	: Intel(R) Core(TM) i7-7700HQ CPU @ 2.80GHz
stepping	: 9
cpu MHz		: 2808.004
cache size	: 6144 KB
physical id	: 0
siblings	: 4
core id		: 1
cpu cores	: 4
apicid		: 1
initial apicid	: 1
fpu		: yes
fpu_exception	: yes
cpuid level	: 22
wp		: yes
flags		: fpu vme de pse tsc msr pae mce cx8 apic sep mtrr pge mca cmov pat pse36 clflush mmx fxsr sse sse2 ht syscall nx rdtscp lm constant_tsc rep_good nopl xtopology nonstop_tsc cpuid pni pclmulqdq ssse3 cx16 pcid sse4_1 sse4_2 x2apic movbe popcnt aes xsave avx rdrand hypervisor lahf_lm abm 3dnowprefetch invpcid_single pti fsgsbase avx2 invpcid rdseed clflushopt
bugs		: cpu_meltdown spectre_v1 spectre_v2 spec_store_bypass l1tf
bogomips	: 5616.00
clflush size	: 64
cache_alignment	: 64
address sizes	: 39 bits physical, 48 bits virtual
power management:

processor	: 2
vendor_id	: GenuineIntel
cpu family	: 6
model		: 158
model name	: Intel(R) Core(TM) i7-7700HQ CPU @ 2.80GHz
stepping	: 9
cpu MHz		: 2808.004
cache size	: 6144 KB
physical id	: 0
siblings	: 4
core id		: 2
cpu cores	: 4
apicid		: 2
initial apicid	: 2
fpu		: yes
fpu_exception	: yes
cpuid level	: 22
wp		: yes
flags		: fpu vme de pse tsc msr pae mce cx8 apic sep mtrr pge mca cmov pat pse36 clflush mmx fxsr sse sse2 ht syscall nx rdtscp lm constant_tsc rep_good nopl xtopology nonstop_tsc cpuid pni pclmulqdq ssse3 cx16 pcid sse4_1 sse4_2 x2apic movbe popcnt aes xsave avx rdrand hypervisor lahf_lm abm 3dnowprefetch invpcid_single pti fsgsbase avx2 invpcid rdseed clflushopt
bugs		: cpu_meltdown spectre_v1 spectre_v2 spec_store_bypass l1tf
bogomips	: 5616.00
clflush size	: 64
cache_alignment	: 64
address sizes	: 39 bits physical, 48 bits virtual
power management:

processor	: 3
vendor_id	: GenuineIntel
cpu family	: 6
model		: 158
model name	: Intel(R) Core(TM) i7-7700HQ CPU @ 2.80GHz
stepping	: 9
cpu MHz		: 2808.004
cache size	: 6144 KB
physical id	: 0
siblings	: 4
core id		: 3
cpu cores	: 4
apicid		: 3
initial apicid	: 3
fpu		: yes
fpu_exception	: yes
cpuid level	: 22
wp		: yes
flags		: fpu vme de pse tsc msr pae mce cx8 apic sep mtrr pge mca cmov pat pse36 clflush mmx fxsr sse sse2 ht syscall nx rdtscp lm constant_tsc rep_good nopl xtopology nonstop_tsc cpuid pni pclmulqdq ssse3 cx16 pcid sse4_1 sse4_2 x2apic movbe popcnt aes xsave avx rdrand hypervisor lahf_lm abm 3dnowprefetch invpcid_single pti fsgsbase avx2 invpcid rdseed clflushopt
bugs		: cpu_meltdown spectre_v1 spectre_v2 spec_store_bypass l1tf
bogomips	: 5616.00
clflush size	: 64
cache_alignment	: 64
address sizes	: 39 bits physical, 48 bits virtual
power management:



Memory: 4k page, physical 8167928k(2203756k free), swap 998396k(998396k free)

vm_info: Java HotSpot(TM) 64-Bit Server VM (25.201-b09) for linux-amd64 JRE (1.8.0_201-b09), built on Dec 15 2018 11:35:59 by "java_re" with gcc 7.3.0

time: Wed Apr 10 20:42:44 2019
timezone: +03
elapsed time: 582 seconds (0d 0h 9m 42s)

